[2025-08-15 09:44:39] merlin-logger.DEBUG: The welcome step has been displayed [] []
[2025-08-15 09:44:44] merlin-logger.DEBUG: The child theme installation step has been displayed [] []
[2025-08-15 09:44:48] merlin-logger.DEBUG: The child theme style.css content was generated [] []
[2025-08-15 09:44:48] merlin-logger.DEBUG: The child theme functions.php content was generated [] []
[2025-08-15 09:44:48] merlin-logger.DEBUG: The child theme screenshot was copied to the child theme, with the following result {"copied":true} []
[2025-08-15 09:44:48] merlin-logger.DEBUG: The newly generated child theme was activated [] []
[2025-08-15 09:44:52] merlin-logger.DEBUG: The plugin installation step has been displayed [] []
[2025-08-15 09:45:03] merlin-logger.DEBUG: A plugin with the following data will be processed {"plugin_slug":"montoya-core-plugin","message":"Installing"} []
[2025-08-15 09:45:04] merlin-logger.DEBUG: A plugin with the following data will be processed {"plugin_slug":"montoya-core-plugin","message":"Activating"} []
[2025-08-15 09:45:04] merlin-logger.DEBUG: A plugin with the following data was processed {"plugin_slug":"montoya-core-plugin"} []
[2025-08-15 09:45:04] merlin-logger.DEBUG: A plugin with the following data will be processed {"plugin_slug":"contact-form-7","message":"Installing"} []
[2025-08-15 09:45:06] merlin-logger.DEBUG: A plugin with the following data will be processed {"plugin_slug":"contact-form-7","message":"Activating"} []
[2025-08-15 09:45:06] merlin-logger.DEBUG: A plugin with the following data was processed {"plugin_slug":"contact-form-7"} []
[2025-08-15 09:45:06] merlin-logger.DEBUG: A plugin with the following data will be processed {"plugin_slug":"montoya-gutenberg-blocks","message":"Installing"} []
[2025-08-15 09:45:07] merlin-logger.DEBUG: A plugin with the following data will be processed {"plugin_slug":"montoya-gutenberg-blocks","message":"Activating"} []
[2025-08-15 09:45:07] merlin-logger.DEBUG: A plugin with the following data was processed {"plugin_slug":"montoya-gutenberg-blocks"} []
[2025-08-15 09:45:10] merlin-logger.DEBUG: The content import step has been displayed [] []
[2025-08-15 09:45:18] merlin-logger.INFO: The content import AJAX call will be executed with this import data {"title":"Content","data":"/var/www/html/wp-content/uploads/2025/08/content-2025-08-15__09-45-17.xml"} []
[2025-08-15 09:45:18] merlin-logger.INFO: Imported "Nature" (category) [] []
[2025-08-15 09:45:18] merlin-logger.DEBUG: Term 10 remapped to 2 [] []
[2025-08-15 09:45:18] merlin-logger.INFO: Imported "Sport" (category) [] []
[2025-08-15 09:45:18] merlin-logger.DEBUG: Term 13 remapped to 3 [] []
[2025-08-15 09:45:18] merlin-logger.INFO: Imported "Travel" (category) [] []
[2025-08-15 09:45:18] merlin-logger.DEBUG: Term 8 remapped to 4 [] []
[2025-08-15 09:45:18] merlin-logger.INFO: Imported "autum" (post_tag) [] []
[2025-08-15 09:45:18] merlin-logger.DEBUG: Term 6 remapped to 5 [] []
[2025-08-15 09:45:18] merlin-logger.INFO: Imported "drone" (post_tag) [] []
[2025-08-15 09:45:18] merlin-logger.DEBUG: Term 15 remapped to 6 [] []
[2025-08-15 09:45:18] merlin-logger.INFO: Imported "egypt" (post_tag) [] []
[2025-08-15 09:45:18] merlin-logger.DEBUG: Term 18 remapped to 7 [] []
[2025-08-15 09:45:18] merlin-logger.INFO: Imported "gold" (post_tag) [] []
[2025-08-15 09:45:18] merlin-logger.DEBUG: Term 19 remapped to 8 [] []
[2025-08-15 09:45:18] merlin-logger.INFO: Imported "landscape" (post_tag) [] []
[2025-08-15 09:45:18] merlin-logger.DEBUG: Term 16 remapped to 9 [] []
[2025-08-15 09:45:18] merlin-logger.INFO: Imported "nature" (post_tag) [] []
[2025-08-15 09:45:18] merlin-logger.DEBUG: Term 17 remapped to 10 [] []
[2025-08-15 09:45:18] merlin-logger.INFO: Imported "ocean" (post_tag) [] []
[2025-08-15 09:45:18] merlin-logger.DEBUG: Term 11 remapped to 11 [] []
[2025-08-15 09:45:18] merlin-logger.INFO: Imported "road" (post_tag) [] []
[2025-08-15 09:45:18] merlin-logger.DEBUG: Term 7 remapped to 12 [] []
[2025-08-15 09:45:18] merlin-logger.INFO: Imported "sport" (post_tag) [] []
[2025-08-15 09:45:18] merlin-logger.DEBUG: Term 12 remapped to 13 [] []
[2025-08-15 09:45:18] merlin-logger.INFO: Imported "storm" (post_tag) [] []
[2025-08-15 09:45:18] merlin-logger.DEBUG: Term 20 remapped to 14 [] []
[2025-08-15 09:45:18] merlin-logger.INFO: Imported "trip" (post_tag) [] []
[2025-08-15 09:45:18] merlin-logger.DEBUG: Term 9 remapped to 15 [] []
[2025-08-15 09:45:18] merlin-logger.INFO: Imported "water" (post_tag) [] []
[2025-08-15 09:45:18] merlin-logger.DEBUG: Term 14 remapped to 16 [] []
[2025-08-15 09:45:18] merlin-logger.WARNING: Failed to import product_cat Accessories [] []
[2025-08-15 09:45:18] merlin-logger.DEBUG: Invalid taxonomy. [] []
[2025-08-15 09:45:18] merlin-logger.WARNING: Failed to import pa_color Blue [] []
[2025-08-15 09:45:18] merlin-logger.DEBUG: Invalid taxonomy. [] []
[2025-08-15 09:45:18] merlin-logger.INFO: Imported "Design" (portfolio_category) [] []
[2025-08-15 09:45:18] merlin-logger.DEBUG: Term 2 remapped to 17 [] []
[2025-08-15 09:45:18] merlin-logger.WARNING: Failed to import product_visibility exclude-from-catalog [] []
[2025-08-15 09:45:18] merlin-logger.DEBUG: Invalid taxonomy. [] []
[2025-08-15 09:45:18] merlin-logger.WARNING: Failed to import product_visibility exclude-from-search [] []
[2025-08-15 09:45:18] merlin-logger.DEBUG: Invalid taxonomy. [] []
[2025-08-15 09:45:18] merlin-logger.WARNING: Failed to import product_type external [] []
[2025-08-15 09:45:18] merlin-logger.DEBUG: Invalid taxonomy. [] []
[2025-08-15 09:45:18] merlin-logger.WARNING: Failed to import product_visibility featured [] []
[2025-08-15 09:45:18] merlin-logger.DEBUG: Invalid taxonomy. [] []
[2025-08-15 09:45:18] merlin-logger.WARNING: Failed to import pa_color Gray [] []
[2025-08-15 09:45:18] merlin-logger.DEBUG: Invalid taxonomy. [] []
[2025-08-15 09:45:18] merlin-logger.WARNING: Failed to import pa_color Green [] []
[2025-08-15 09:45:18] merlin-logger.DEBUG: Invalid taxonomy. [] []
[2025-08-15 09:45:18] merlin-logger.WARNING: Failed to import product_type grouped [] []
[2025-08-15 09:45:18] merlin-logger.DEBUG: Invalid taxonomy. [] []
[2025-08-15 09:45:18] merlin-logger.WARNING: Failed to import product_cat Hoodies [] []
[2025-08-15 09:45:18] merlin-logger.DEBUG: Invalid taxonomy. [] []
[2025-08-15 09:45:18] merlin-logger.WARNING: Failed to import product_visibility outofstock [] []
[2025-08-15 09:45:18] merlin-logger.DEBUG: Invalid taxonomy. [] []
[2025-08-15 09:45:18] merlin-logger.INFO: Imported "Photo" (portfolio_category) [] []
[2025-08-15 09:45:18] merlin-logger.DEBUG: Term 3 remapped to 18 [] []
[2025-08-15 09:45:18] merlin-logger.WARNING: Failed to import product_visibility rated-1 [] []
[2025-08-15 09:45:18] merlin-logger.DEBUG: Invalid taxonomy. [] []
[2025-08-15 09:45:18] merlin-logger.WARNING: Failed to import product_visibility rated-2 [] []
[2025-08-15 09:45:18] merlin-logger.DEBUG: Invalid taxonomy. [] []
[2025-08-15 09:45:18] merlin-logger.WARNING: Failed to import product_visibility rated-3 [] []
[2025-08-15 09:45:18] merlin-logger.DEBUG: Invalid taxonomy. [] []
[2025-08-15 09:45:18] merlin-logger.WARNING: Failed to import product_visibility rated-4 [] []
[2025-08-15 09:45:18] merlin-logger.DEBUG: Invalid taxonomy. [] []
[2025-08-15 09:45:18] merlin-logger.WARNING: Failed to import product_visibility rated-5 [] []
[2025-08-15 09:45:18] merlin-logger.DEBUG: Invalid taxonomy. [] []
[2025-08-15 09:45:18] merlin-logger.WARNING: Failed to import pa_color Red [] []
[2025-08-15 09:45:18] merlin-logger.DEBUG: Invalid taxonomy. [] []
[2025-08-15 09:45:18] merlin-logger.WARNING: Failed to import product_type simple [] []
[2025-08-15 09:45:18] merlin-logger.DEBUG: Invalid taxonomy. [] []
[2025-08-15 09:45:18] merlin-logger.WARNING: Failed to import product_cat Uncategorized [] []
[2025-08-15 09:45:18] merlin-logger.DEBUG: Invalid taxonomy. [] []
[2025-08-15 09:45:18] merlin-logger.WARNING: Failed to import product_type variable [] []
[2025-08-15 09:45:18] merlin-logger.DEBUG: Invalid taxonomy. [] []
[2025-08-15 09:45:18] merlin-logger.INFO: Imported "Video" (portfolio_category) [] []
[2025-08-15 09:45:18] merlin-logger.DEBUG: Term 4 remapped to 19 [] []
[2025-08-15 09:45:18] merlin-logger.WARNING: Failed to import pa_color Yellow [] []
[2025-08-15 09:45:18] merlin-logger.DEBUG: Invalid taxonomy. [] []
[2025-08-15 09:45:18] merlin-logger.INFO: Imported "Main Menu" (nav_menu) [] []
[2025-08-15 09:45:18] merlin-logger.DEBUG: Term 5 remapped to 20 [] []
[2025-08-15 09:45:19] merlin-logger.INFO: Imported "shop13" (Media) [] []
[2025-08-15 09:45:19] merlin-logger.DEBUG: Post 1201 remapped to 1201 [] []
[2025-08-15 09:45:20] merlin-logger.INFO: Imported "shop1" (Media) [] []
[2025-08-15 09:45:20] merlin-logger.DEBUG: Post 1203 remapped to 1203 [] []
[2025-08-15 09:45:20] merlin-logger.INFO: Imported "shop4" (Media) [] []
[2025-08-15 09:45:20] merlin-logger.DEBUG: Post 1204 remapped to 1204 [] []
[2025-08-15 09:45:21] merlin-logger.INFO: Imported "shop6" (Media) [] []
[2025-08-15 09:45:21] merlin-logger.DEBUG: Post 1206 remapped to 1206 [] []
[2025-08-15 09:45:22] merlin-logger.INFO: Imported "shop8" (Media) [] []
[2025-08-15 09:45:22] merlin-logger.DEBUG: Post 1207 remapped to 1207 [] []
[2025-08-15 09:45:23] merlin-logger.INFO: Imported "shop10" (Media) [] []
[2025-08-15 09:45:23] merlin-logger.DEBUG: Post 1208 remapped to 1208 [] []
[2025-08-15 09:45:23] merlin-logger.INFO: Imported "shop12" (Media) [] []
[2025-08-15 09:45:23] merlin-logger.DEBUG: Post 1209 remapped to 1209 [] []
[2025-08-15 09:45:24] merlin-logger.INFO: Imported "shop9" (Media) [] []
[2025-08-15 09:45:24] merlin-logger.DEBUG: Post 1220 remapped to 1220 [] []
[2025-08-15 09:45:25] merlin-logger.INFO: Imported "1" (Media) [] []
[2025-08-15 09:45:25] merlin-logger.DEBUG: Post 2562 remapped to 2562 [] []
[2025-08-15 09:45:26] merlin-logger.INFO: Imported "7" (Media) [] []
[2025-08-15 09:45:26] merlin-logger.DEBUG: Post 2563 remapped to 2563 [] []
[2025-08-15 09:45:27] merlin-logger.INFO: Imported "8" (Media) [] []
[2025-08-15 09:45:27] merlin-logger.DEBUG: Post 2564 remapped to 2564 [] []
[2025-08-15 09:45:28] merlin-logger.INFO: Imported "12" (Media) [] []
[2025-08-15 09:45:28] merlin-logger.DEBUG: Post 2565 remapped to 2565 [] []
[2025-08-15 09:45:29] merlin-logger.INFO: Imported "17" (Media) [] []
[2025-08-15 09:45:29] merlin-logger.DEBUG: Post 2566 remapped to 2566 [] []
[2025-08-15 09:45:30] merlin-logger.INFO: Imported "01hero" (Media) [] []
[2025-08-15 09:45:30] merlin-logger.DEBUG: Post 2718 remapped to 2718 [] []
[2025-08-15 09:45:31] merlin-logger.INFO: Imported "02hero" (Media) [] []
[2025-08-15 09:45:31] merlin-logger.DEBUG: Post 2719 remapped to 2719 [] []
[2025-08-15 09:45:32] merlin-logger.INFO: Imported "03hero" (Media) [] []
[2025-08-15 09:45:32] merlin-logger.DEBUG: Post 2720 remapped to 2720 [] []
[2025-08-15 09:45:33] merlin-logger.INFO: Imported "04hero" (Media) [] []
[2025-08-15 09:45:33] merlin-logger.DEBUG: Post 2721 remapped to 2721 [] []
[2025-08-15 09:45:34] merlin-logger.INFO: Imported "05hero" (Media) [] []
[2025-08-15 09:45:34] merlin-logger.DEBUG: Post 2722 remapped to 2722 [] []
[2025-08-15 09:45:35] merlin-logger.INFO: Imported "06hero" (Media) [] []
[2025-08-15 09:45:35] merlin-logger.DEBUG: Post 2723 remapped to 2723 [] []
[2025-08-15 09:45:36] merlin-logger.INFO: Imported "07hero" (Media) [] []
[2025-08-15 09:45:36] merlin-logger.DEBUG: Post 2724 remapped to 2724 [] []
[2025-08-15 09:45:37] merlin-logger.INFO: Imported "08hero" (Media) [] []
[2025-08-15 09:45:37] merlin-logger.DEBUG: Post 2725 remapped to 2725 [] []
[2025-08-15 09:45:38] merlin-logger.INFO: Imported "about" (Media) [] []
[2025-08-15 09:45:38] merlin-logger.DEBUG: Post 2778 remapped to 2778 [] []
[2025-08-15 09:45:38] merlin-logger.INFO: Imported "team5" (Media) [] []
[2025-08-15 09:45:38] merlin-logger.DEBUG: Post 2819 remapped to 2819 [] []
[2025-08-15 09:45:38] merlin-logger.INFO: New AJAX call! [] []
[2025-08-15 09:45:38] merlin-logger.INFO: The content import AJAX call will be executed with this import data {"title":"Content","data":"/var/www/html/wp-content/uploads/2025/08/content-2025-08-15__09-45-17.xml"} []
[2025-08-15 09:45:38] merlin-logger.WARNING: Failed to import product_cat Accessories [] []
[2025-08-15 09:45:38] merlin-logger.DEBUG: Invalid taxonomy. [] []
[2025-08-15 09:45:38] merlin-logger.WARNING: Failed to import pa_color Blue [] []
[2025-08-15 09:45:38] merlin-logger.DEBUG: Invalid taxonomy. [] []
[2025-08-15 09:45:38] merlin-logger.WARNING: Failed to import product_visibility exclude-from-catalog [] []
[2025-08-15 09:45:38] merlin-logger.DEBUG: Invalid taxonomy. [] []
[2025-08-15 09:45:38] merlin-logger.WARNING: Failed to import product_visibility exclude-from-search [] []
[2025-08-15 09:45:38] merlin-logger.DEBUG: Invalid taxonomy. [] []
[2025-08-15 09:45:38] merlin-logger.WARNING: Failed to import product_type external [] []
[2025-08-15 09:45:38] merlin-logger.DEBUG: Invalid taxonomy. [] []
[2025-08-15 09:45:38] merlin-logger.WARNING: Failed to import product_visibility featured [] []
[2025-08-15 09:45:38] merlin-logger.DEBUG: Invalid taxonomy. [] []
[2025-08-15 09:45:38] merlin-logger.WARNING: Failed to import pa_color Gray [] []
[2025-08-15 09:45:38] merlin-logger.DEBUG: Invalid taxonomy. [] []
[2025-08-15 09:45:38] merlin-logger.WARNING: Failed to import pa_color Green [] []
[2025-08-15 09:45:38] merlin-logger.DEBUG: Invalid taxonomy. [] []
[2025-08-15 09:45:38] merlin-logger.WARNING: Failed to import product_type grouped [] []
[2025-08-15 09:45:38] merlin-logger.DEBUG: Invalid taxonomy. [] []
[2025-08-15 09:45:38] merlin-logger.WARNING: Failed to import product_cat Hoodies [] []
[2025-08-15 09:45:38] merlin-logger.DEBUG: Invalid taxonomy. [] []
[2025-08-15 09:45:38] merlin-logger.WARNING: Failed to import product_visibility outofstock [] []
[2025-08-15 09:45:38] merlin-logger.DEBUG: Invalid taxonomy. [] []
[2025-08-15 09:45:38] merlin-logger.WARNING: Failed to import product_visibility rated-1 [] []
[2025-08-15 09:45:38] merlin-logger.DEBUG: Invalid taxonomy. [] []
[2025-08-15 09:45:38] merlin-logger.WARNING: Failed to import product_visibility rated-2 [] []
[2025-08-15 09:45:38] merlin-logger.DEBUG: Invalid taxonomy. [] []
[2025-08-15 09:45:38] merlin-logger.WARNING: Failed to import product_visibility rated-3 [] []
[2025-08-15 09:45:38] merlin-logger.DEBUG: Invalid taxonomy. [] []
[2025-08-15 09:45:38] merlin-logger.WARNING: Failed to import product_visibility rated-4 [] []
[2025-08-15 09:45:38] merlin-logger.DEBUG: Invalid taxonomy. [] []
[2025-08-15 09:45:38] merlin-logger.WARNING: Failed to import product_visibility rated-5 [] []
[2025-08-15 09:45:38] merlin-logger.DEBUG: Invalid taxonomy. [] []
[2025-08-15 09:45:38] merlin-logger.WARNING: Failed to import pa_color Red [] []
[2025-08-15 09:45:38] merlin-logger.DEBUG: Invalid taxonomy. [] []
[2025-08-15 09:45:38] merlin-logger.WARNING: Failed to import product_type simple [] []
[2025-08-15 09:45:38] merlin-logger.DEBUG: Invalid taxonomy. [] []
[2025-08-15 09:45:38] merlin-logger.WARNING: Failed to import product_cat Uncategorized [] []
[2025-08-15 09:45:38] merlin-logger.DEBUG: Invalid taxonomy. [] []
[2025-08-15 09:45:38] merlin-logger.WARNING: Failed to import product_type variable [] []
[2025-08-15 09:45:38] merlin-logger.DEBUG: Invalid taxonomy. [] []
[2025-08-15 09:45:38] merlin-logger.WARNING: Failed to import pa_color Yellow [] []
[2025-08-15 09:45:38] merlin-logger.DEBUG: Invalid taxonomy. [] []
[2025-08-15 09:45:39] merlin-logger.INFO: Imported "team1" (Media) [] []
[2025-08-15 09:45:39] merlin-logger.DEBUG: Post 2820 remapped to 2820 [] []
[2025-08-15 09:45:39] merlin-logger.INFO: Imported "team2" (Media) [] []
[2025-08-15 09:45:39] merlin-logger.DEBUG: Post 2821 remapped to 2821 [] []
[2025-08-15 09:45:39] merlin-logger.INFO: Imported "team3" (Media) [] []
[2025-08-15 09:45:39] merlin-logger.DEBUG: Post 2822 remapped to 2822 [] []
[2025-08-15 09:45:40] merlin-logger.INFO: Imported "team4" (Media) [] []
[2025-08-15 09:45:40] merlin-logger.DEBUG: Post 2823 remapped to 2823 [] []
[2025-08-15 09:45:40] merlin-logger.INFO: Imported "client-03" (Media) [] []
[2025-08-15 09:45:40] merlin-logger.DEBUG: Post 2828 remapped to 2828 [] []
[2025-08-15 09:45:40] merlin-logger.INFO: Imported "client-04" (Media) [] []
[2025-08-15 09:45:40] merlin-logger.DEBUG: Post 2829 remapped to 2829 [] []
[2025-08-15 09:45:40] merlin-logger.INFO: Imported "client-05" (Media) [] []
[2025-08-15 09:45:40] merlin-logger.DEBUG: Post 2830 remapped to 2830 [] []
[2025-08-15 09:45:41] merlin-logger.INFO: Imported "client-06" (Media) [] []
[2025-08-15 09:45:41] merlin-logger.DEBUG: Post 2831 remapped to 2831 [] []
[2025-08-15 09:45:41] merlin-logger.INFO: Imported "client-07" (Media) [] []
[2025-08-15 09:45:41] merlin-logger.DEBUG: Post 2832 remapped to 2832 [] []
[2025-08-15 09:45:41] merlin-logger.INFO: Imported "client-08" (Media) [] []
[2025-08-15 09:45:41] merlin-logger.DEBUG: Post 2833 remapped to 2833 [] []
[2025-08-15 09:45:41] merlin-logger.INFO: Imported "client-01" (Media) [] []
[2025-08-15 09:45:41] merlin-logger.DEBUG: Post 2834 remapped to 2834 [] []
[2025-08-15 09:45:42] merlin-logger.INFO: Imported "client-02" (Media) [] []
[2025-08-15 09:45:42] merlin-logger.DEBUG: Post 2835 remapped to 2835 [] []
[2025-08-15 09:45:42] merlin-logger.INFO: Imported "pinned02" (Media) [] []
[2025-08-15 09:45:42] merlin-logger.DEBUG: Post 2874 remapped to 2874 [] []
[2025-08-15 09:45:42] merlin-logger.INFO: Imported "collage01" (Media) [] []
[2025-08-15 09:45:42] merlin-logger.DEBUG: Post 2875 remapped to 2875 [] []
[2025-08-15 09:45:43] merlin-logger.INFO: Imported "collage02" (Media) [] []
[2025-08-15 09:45:43] merlin-logger.DEBUG: Post 2876 remapped to 2876 [] []
[2025-08-15 09:45:43] merlin-logger.INFO: Imported "collage03" (Media) [] []
[2025-08-15 09:45:43] merlin-logger.DEBUG: Post 2877 remapped to 2877 [] []
[2025-08-15 09:45:43] merlin-logger.INFO: Imported "collage04" (Media) [] []
[2025-08-15 09:45:43] merlin-logger.DEBUG: Post 2878 remapped to 2878 [] []
[2025-08-15 09:45:43] merlin-logger.INFO: Imported "collage05" (Media) [] []
[2025-08-15 09:45:43] merlin-logger.DEBUG: Post 2879 remapped to 2879 [] []
[2025-08-15 09:45:44] merlin-logger.INFO: Imported "collage06" (Media) [] []
[2025-08-15 09:45:44] merlin-logger.DEBUG: Post 2880 remapped to 2880 [] []
[2025-08-15 09:45:44] merlin-logger.INFO: Imported "collage07" (Media) [] []
[2025-08-15 09:45:44] merlin-logger.DEBUG: Post 2881 remapped to 2881 [] []
[2025-08-15 09:45:45] merlin-logger.INFO: Imported "image01" (Media) [] []
[2025-08-15 09:45:45] merlin-logger.DEBUG: Post 2883 remapped to 2883 [] []
[2025-08-15 09:45:45] merlin-logger.INFO: Imported "image02" (Media) [] []
[2025-08-15 09:45:45] merlin-logger.DEBUG: Post 2884 remapped to 2884 [] []
[2025-08-15 09:45:46] merlin-logger.INFO: Imported "image03" (Media) [] []
[2025-08-15 09:45:46] merlin-logger.DEBUG: Post 2885 remapped to 2885 [] []
[2025-08-15 09:45:47] merlin-logger.INFO: Imported "image04" (Media) [] []
[2025-08-15 09:45:47] merlin-logger.DEBUG: Post 2886 remapped to 2886 [] []
[2025-08-15 09:45:47] merlin-logger.INFO: Imported "pinned01" (Media) [] []
[2025-08-15 09:45:47] merlin-logger.DEBUG: Post 2887 remapped to 2887 [] []
[2025-08-15 09:45:48] merlin-logger.INFO: Imported "chair01" (Media) [] []
[2025-08-15 09:45:48] merlin-logger.DEBUG: Post 2903 remapped to 2903 [] []
[2025-08-15 09:45:49] merlin-logger.INFO: Imported "chair02" (Media) [] []
[2025-08-15 09:45:49] merlin-logger.DEBUG: Post 2904 remapped to 2904 [] []
[2025-08-15 09:45:50] merlin-logger.INFO: Imported "chair03" (Media) [] []
[2025-08-15 09:45:50] merlin-logger.DEBUG: Post 2905 remapped to 2905 [] []
[2025-08-15 09:45:50] merlin-logger.INFO: Imported "chair04" (Media) [] []
[2025-08-15 09:45:50] merlin-logger.DEBUG: Post 2906 remapped to 2906 [] []
[2025-08-15 09:45:51] merlin-logger.INFO: Imported "dude01" (Media) [] []
[2025-08-15 09:45:51] merlin-logger.DEBUG: Post 2907 remapped to 2907 [] []
[2025-08-15 09:45:52] merlin-logger.INFO: Imported "enclosure01" (Media) [] []
[2025-08-15 09:45:52] merlin-logger.DEBUG: Post 2908 remapped to 2908 [] []
[2025-08-15 09:45:52] merlin-logger.INFO: Imported "enclosure02" (Media) [] []
[2025-08-15 09:45:52] merlin-logger.DEBUG: Post 2909 remapped to 2909 [] []
[2025-08-15 09:45:53] merlin-logger.INFO: Imported "enclosure03" (Media) [] []
[2025-08-15 09:45:53] merlin-logger.DEBUG: Post 2910 remapped to 2910 [] []
[2025-08-15 09:45:54] merlin-logger.INFO: Imported "fold01" (Media) [] []
[2025-08-15 09:45:54] merlin-logger.DEBUG: Post 2911 remapped to 2911 [] []
[2025-08-15 09:45:55] merlin-logger.INFO: Imported "fold02" (Media) [] []
[2025-08-15 09:45:55] merlin-logger.DEBUG: Post 2913 remapped to 2913 [] []
[2025-08-15 09:45:56] merlin-logger.INFO: Imported "fold03" (Media) [] []
[2025-08-15 09:45:56] merlin-logger.DEBUG: Post 2914 remapped to 2914 [] []
[2025-08-15 09:45:57] merlin-logger.INFO: Imported "fold04" (Media) [] []
[2025-08-15 09:45:57] merlin-logger.DEBUG: Post 2915 remapped to 2915 [] []
[2025-08-15 09:45:57] merlin-logger.INFO: Imported "green01" (Media) [] []
[2025-08-15 09:45:57] merlin-logger.DEBUG: Post 2916 remapped to 2916 [] []
[2025-08-15 09:45:58] merlin-logger.INFO: Imported "green02" (Media) [] []
[2025-08-15 09:45:58] merlin-logger.DEBUG: Post 2917 remapped to 2917 [] []
[2025-08-15 09:45:59] merlin-logger.INFO: Imported "green03" (Media) [] []
[2025-08-15 09:45:59] merlin-logger.DEBUG: Post 2918 remapped to 2918 [] []
[2025-08-15 09:45:59] merlin-logger.INFO: New AJAX call! [] []
[2025-08-15 09:45:59] merlin-logger.INFO: The content import AJAX call will be executed with this import data {"title":"Content","data":"/var/www/html/wp-content/uploads/2025/08/content-2025-08-15__09-45-17.xml"} []
[2025-08-15 09:45:59] merlin-logger.WARNING: Failed to import product_cat Accessories [] []
[2025-08-15 09:45:59] merlin-logger.DEBUG: Invalid taxonomy. [] []
[2025-08-15 09:45:59] merlin-logger.WARNING: Failed to import pa_color Blue [] []
[2025-08-15 09:45:59] merlin-logger.DEBUG: Invalid taxonomy. [] []
[2025-08-15 09:45:59] merlin-logger.WARNING: Failed to import product_visibility exclude-from-catalog [] []
[2025-08-15 09:45:59] merlin-logger.DEBUG: Invalid taxonomy. [] []
[2025-08-15 09:45:59] merlin-logger.WARNING: Failed to import product_visibility exclude-from-search [] []
[2025-08-15 09:45:59] merlin-logger.DEBUG: Invalid taxonomy. [] []
[2025-08-15 09:45:59] merlin-logger.WARNING: Failed to import product_type external [] []
[2025-08-15 09:45:59] merlin-logger.DEBUG: Invalid taxonomy. [] []
[2025-08-15 09:45:59] merlin-logger.WARNING: Failed to import product_visibility featured [] []
[2025-08-15 09:45:59] merlin-logger.DEBUG: Invalid taxonomy. [] []
[2025-08-15 09:45:59] merlin-logger.WARNING: Failed to import pa_color Gray [] []
[2025-08-15 09:45:59] merlin-logger.DEBUG: Invalid taxonomy. [] []
[2025-08-15 09:45:59] merlin-logger.WARNING: Failed to import pa_color Green [] []
[2025-08-15 09:45:59] merlin-logger.DEBUG: Invalid taxonomy. [] []
[2025-08-15 09:45:59] merlin-logger.WARNING: Failed to import product_type grouped [] []
[2025-08-15 09:45:59] merlin-logger.DEBUG: Invalid taxonomy. [] []
[2025-08-15 09:45:59] merlin-logger.WARNING: Failed to import product_cat Hoodies [] []
[2025-08-15 09:45:59] merlin-logger.DEBUG: Invalid taxonomy. [] []
[2025-08-15 09:45:59] merlin-logger.WARNING: Failed to import product_visibility outofstock [] []
[2025-08-15 09:45:59] merlin-logger.DEBUG: Invalid taxonomy. [] []
[2025-08-15 09:45:59] merlin-logger.WARNING: Failed to import product_visibility rated-1 [] []
[2025-08-15 09:45:59] merlin-logger.DEBUG: Invalid taxonomy. [] []
[2025-08-15 09:45:59] merlin-logger.WARNING: Failed to import product_visibility rated-2 [] []
[2025-08-15 09:45:59] merlin-logger.DEBUG: Invalid taxonomy. [] []
[2025-08-15 09:45:59] merlin-logger.WARNING: Failed to import product_visibility rated-3 [] []
[2025-08-15 09:45:59] merlin-logger.DEBUG: Invalid taxonomy. [] []
[2025-08-15 09:45:59] merlin-logger.WARNING: Failed to import product_visibility rated-4 [] []
[2025-08-15 09:45:59] merlin-logger.DEBUG: Invalid taxonomy. [] []
[2025-08-15 09:45:59] merlin-logger.WARNING: Failed to import product_visibility rated-5 [] []
[2025-08-15 09:45:59] merlin-logger.DEBUG: Invalid taxonomy. [] []
[2025-08-15 09:45:59] merlin-logger.WARNING: Failed to import pa_color Red [] []
[2025-08-15 09:45:59] merlin-logger.DEBUG: Invalid taxonomy. [] []
[2025-08-15 09:45:59] merlin-logger.WARNING: Failed to import product_type simple [] []
[2025-08-15 09:45:59] merlin-logger.DEBUG: Invalid taxonomy. [] []
[2025-08-15 09:45:59] merlin-logger.WARNING: Failed to import product_cat Uncategorized [] []
[2025-08-15 09:45:59] merlin-logger.DEBUG: Invalid taxonomy. [] []
[2025-08-15 09:45:59] merlin-logger.WARNING: Failed to import product_type variable [] []
[2025-08-15 09:45:59] merlin-logger.DEBUG: Invalid taxonomy. [] []
[2025-08-15 09:45:59] merlin-logger.WARNING: Failed to import pa_color Yellow [] []
[2025-08-15 09:45:59] merlin-logger.DEBUG: Invalid taxonomy. [] []
[2025-08-15 09:45:59] merlin-logger.INFO: Imported "liners01" (Media) [] []
[2025-08-15 09:45:59] merlin-logger.DEBUG: Post 2919 remapped to 2919 [] []
[2025-08-15 09:46:00] merlin-logger.INFO: Imported "liners02" (Media) [] []
[2025-08-15 09:46:00] merlin-logger.DEBUG: Post 2920 remapped to 2920 [] []
[2025-08-15 09:46:01] merlin-logger.INFO: Imported "liners03" (Media) [] []
[2025-08-15 09:46:01] merlin-logger.DEBUG: Post 2921 remapped to 2921 [] []
[2025-08-15 09:46:02] merlin-logger.INFO: Imported "liners04" (Media) [] []
[2025-08-15 09:46:02] merlin-logger.DEBUG: Post 2922 remapped to 2922 [] []
[2025-08-15 09:46:02] merlin-logger.INFO: Imported "liners05" (Media) [] []
[2025-08-15 09:46:02] merlin-logger.DEBUG: Post 2923 remapped to 2923 [] []
[2025-08-15 09:46:03] merlin-logger.INFO: Imported "liners06" (Media) [] []
[2025-08-15 09:46:03] merlin-logger.DEBUG: Post 2924 remapped to 2924 [] []
[2025-08-15 09:46:04] merlin-logger.INFO: Imported "nano01" (Media) [] []
[2025-08-15 09:46:04] merlin-logger.DEBUG: Post 2925 remapped to 2925 [] []
[2025-08-15 09:46:04] merlin-logger.INFO: Imported "nano02" (Media) [] []
[2025-08-15 09:46:04] merlin-logger.DEBUG: Post 2926 remapped to 2926 [] []
[2025-08-15 09:46:05] merlin-logger.INFO: Imported "nano03" (Media) [] []
[2025-08-15 09:46:05] merlin-logger.DEBUG: Post 2927 remapped to 2927 [] []
[2025-08-15 09:46:06] merlin-logger.INFO: Imported "storm01" (Media) [] []
[2025-08-15 09:46:06] merlin-logger.DEBUG: Post 2928 remapped to 2928 [] []
[2025-08-15 09:46:07] merlin-logger.INFO: Imported "storm02" (Media) [] []
[2025-08-15 09:46:07] merlin-logger.DEBUG: Post 2929 remapped to 2929 [] []
[2025-08-15 09:46:08] merlin-logger.INFO: Imported "storm03" (Media) [] []
[2025-08-15 09:46:08] merlin-logger.DEBUG: Post 2930 remapped to 2930 [] []
[2025-08-15 09:46:08] merlin-logger.INFO: Imported "aw01" (Media) [] []
[2025-08-15 09:46:08] merlin-logger.DEBUG: Post 2981 remapped to 2981 [] []
[2025-08-15 09:46:08] merlin-logger.INFO: Imported "aw02" (Media) [] []
[2025-08-15 09:46:08] merlin-logger.DEBUG: Post 2982 remapped to 2982 [] []
[2025-08-15 09:46:09] merlin-logger.INFO: Imported "aw03" (Media) [] []
[2025-08-15 09:46:09] merlin-logger.DEBUG: Post 2983 remapped to 2983 [] []
[2025-08-15 09:46:09] merlin-logger.INFO: Imported "aw04" (Media) [] []
[2025-08-15 09:46:09] merlin-logger.DEBUG: Post 2984 remapped to 2984 [] []
[2025-08-15 09:46:09] merlin-logger.INFO: Imported "aw05" (Media) [] []
[2025-08-15 09:46:09] merlin-logger.DEBUG: Post 2985 remapped to 2985 [] []
[2025-08-15 09:46:09] merlin-logger.INFO: Imported "Enclosure" (Portfolio) [] []
[2025-08-15 09:46:09] merlin-logger.DEBUG: Post 2710 remapped to 2710 [] []
[2025-08-15 09:46:09] merlin-logger.INFO: Imported "Folding Phone" (Portfolio) [] []
[2025-08-15 09:46:09] merlin-logger.DEBUG: Post 2711 remapped to 2711 [] []
[2025-08-15 09:46:09] merlin-logger.INFO: Imported "Leather Chair" (Portfolio) [] []
[2025-08-15 09:46:09] merlin-logger.DEBUG: Post 2712 remapped to 2712 [] []
[2025-08-15 09:46:09] merlin-logger.INFO: Imported "Sphere Digital" (Portfolio) [] []
[2025-08-15 09:46:09] merlin-logger.DEBUG: Post 2713 remapped to 2713 [] []
[2025-08-15 09:46:09] merlin-logger.INFO: Imported "Cool Dude" (Portfolio) [] []
[2025-08-15 09:46:09] merlin-logger.DEBUG: Post 2714 remapped to 2714 [] []
[2025-08-15 09:46:09] merlin-logger.INFO: Imported "Nanotech" (Portfolio) [] []
[2025-08-15 09:46:09] merlin-logger.DEBUG: Post 2715 remapped to 2715 [] []
[2025-08-15 09:46:09] merlin-logger.INFO: Imported "Green Audio" (Portfolio) [] []
[2025-08-15 09:46:09] merlin-logger.DEBUG: Post 2716 remapped to 2716 [] []
[2025-08-15 09:46:09] merlin-logger.INFO: Imported "White Liners" (Portfolio) [] []
[2025-08-15 09:46:09] merlin-logger.DEBUG: Post 2717 remapped to 2717 [] []
[2025-08-15 09:46:09] merlin-logger.INFO: Imported "" (Navigation Menu Item) [] []
[2025-08-15 09:46:09] merlin-logger.DEBUG: Post 2729 remapped to 2729 [] []
[2025-08-15 09:46:09] merlin-logger.DEBUG: Processing menu item post_type [] []
[2025-08-15 09:46:09] merlin-logger.INFO: Imported "" (Navigation Menu Item) [] []
[2025-08-15 09:46:09] merlin-logger.DEBUG: Post 2740 remapped to 2740 [] []
[2025-08-15 09:46:09] merlin-logger.DEBUG: Processing menu item post_type [] []
[2025-08-15 09:46:09] merlin-logger.INFO: Imported "" (Navigation Menu Item) [] []
[2025-08-15 09:46:09] merlin-logger.DEBUG: Post 2741 remapped to 2741 [] []
[2025-08-15 09:46:09] merlin-logger.DEBUG: Processing menu item post_type [] []
[2025-08-15 09:46:09] merlin-logger.INFO: Imported "Portfolio" (Navigation Menu Item) [] []
[2025-08-15 09:46:09] merlin-logger.DEBUG: Post 2742 remapped to 2742 [] []
[2025-08-15 09:46:09] merlin-logger.DEBUG: Processing menu item custom [] []
[2025-08-15 09:46:09] merlin-logger.DEBUG: Menu item 2742 mapped to 2742 [] []
[2025-08-15 09:46:09] merlin-logger.INFO: Imported "" (Navigation Menu Item) [] []
[2025-08-15 09:46:09] merlin-logger.DEBUG: Post 2772 remapped to 2772 [] []
[2025-08-15 09:46:09] merlin-logger.DEBUG: Processing menu item post_type [] []
[2025-08-15 09:46:09] merlin-logger.INFO: Imported "" (Navigation Menu Item) [] []
[2025-08-15 09:46:09] merlin-logger.DEBUG: Post 2773 remapped to 2773 [] []
[2025-08-15 09:46:09] merlin-logger.DEBUG: Processing menu item post_type [] []
[2025-08-15 09:46:09] merlin-logger.INFO: Imported "" (Navigation Menu Item) [] []
[2025-08-15 09:46:09] merlin-logger.DEBUG: Post 2802 remapped to 2802 [] []
[2025-08-15 09:46:09] merlin-logger.DEBUG: Processing menu item post_type [] []
[2025-08-15 09:46:10] merlin-logger.INFO: Imported "aw06" (Media) [] []
[2025-08-15 09:46:10] merlin-logger.DEBUG: Post 2986 remapped to 2986 [] []
[2025-08-15 09:46:10] merlin-logger.INFO: Imported "favicon" (Media) [] []
[2025-08-15 09:46:10] merlin-logger.DEBUG: Post 3019 remapped to 3019 [] []
[2025-08-15 09:46:10] merlin-logger.INFO: Imported "cropped-favicon.png" (Media) [] []
[2025-08-15 09:46:10] merlin-logger.DEBUG: Post 3020 remapped to 3020 [] []
[2025-08-15 09:46:12] merlin-logger.INFO: Imported "woocommerce-placeholder" (Media) [] []
[2025-08-15 09:46:12] merlin-logger.DEBUG: Post 3090 remapped to 3090 [] []
[2025-08-15 09:46:12] merlin-logger.INFO: Imported "" (Navigation Menu Item) [] []
[2025-08-15 09:46:12] merlin-logger.DEBUG: Post 3100 remapped to 3100 [] []
[2025-08-15 09:46:12] merlin-logger.DEBUG: Processing menu item post_type [] []
[2025-08-15 09:46:12] merlin-logger.INFO: Imported "Sample Page" (Page) [] []
[2025-08-15 09:46:12] merlin-logger.DEBUG: Post 2 remapped to 3101 [] []
[2025-08-15 09:46:12] merlin-logger.INFO: Imported "Privacy Policy" (Page) [] []
[2025-08-15 09:46:12] merlin-logger.DEBUG: Post 3 remapped to 3102 [] []
[2025-08-15 09:46:12] merlin-logger.INFO: Imported "Portfolio Grid" (Page) [] []
[2025-08-15 09:46:12] merlin-logger.DEBUG: Post 2726 remapped to 2726 [] []
[2025-08-15 09:46:12] merlin-logger.INFO: Imported "Overlapping Gallery" (Page) [] []
[2025-08-15 09:46:12] merlin-logger.DEBUG: Post 2731 remapped to 2731 [] []
[2025-08-15 09:46:12] merlin-logger.INFO: Imported "Archive Gallery" (Page) [] []
[2025-08-15 09:46:12] merlin-logger.DEBUG: Post 2738 remapped to 2738 [] []
[2025-08-15 09:46:12] merlin-logger.INFO: Imported "About" (Page) [] []
[2025-08-15 09:46:12] merlin-logger.DEBUG: Post 2743 remapped to 2743 [] []
[2025-08-15 09:46:12] merlin-logger.INFO: Imported "Contact" (Page) [] []
[2025-08-15 09:46:12] merlin-logger.DEBUG: Post 2770 remapped to 2770 [] []
[2025-08-15 09:46:12] merlin-logger.INFO: Imported "Stories" (Page) [] []
[2025-08-15 09:46:12] merlin-logger.DEBUG: Post 2797 remapped to 2797 [] []
[2025-08-15 09:46:12] merlin-logger.INFO: Imported "Typography" (Page) [] []
[2025-08-15 09:46:12] merlin-logger.DEBUG: Post 2862 remapped to 2862 [] []
[2025-08-15 09:46:12] merlin-logger.INFO: Imported "Shortcodes" (Page) [] []
[2025-08-15 09:46:12] merlin-logger.DEBUG: Post 2864 remapped to 2864 [] []
[2025-08-15 09:46:12] merlin-logger.INFO: Imported "Multimedia" (Page) [] []
[2025-08-15 09:46:12] merlin-logger.DEBUG: Post 2865 remapped to 2865 [] []
[2025-08-15 09:46:12] merlin-logger.INFO: Imported "More" (Navigation Menu Item) [] []
[2025-08-15 09:46:12] merlin-logger.DEBUG: Post 3026 remapped to 3026 [] []
[2025-08-15 09:46:12] merlin-logger.DEBUG: Processing menu item custom [] []
[2025-08-15 09:46:12] merlin-logger.DEBUG: Menu item 3026 mapped to 3026 [] []
[2025-08-15 09:46:12] merlin-logger.INFO: Imported "" (Navigation Menu Item) [] []
[2025-08-15 09:46:12] merlin-logger.DEBUG: Post 3027 remapped to 3027 [] []
[2025-08-15 09:46:12] merlin-logger.DEBUG: Processing menu item post_type [] []
[2025-08-15 09:46:12] merlin-logger.DEBUG: Menu item 2862 mapped to 2862 [] []
[2025-08-15 09:46:12] merlin-logger.INFO: Imported "" (Navigation Menu Item) [] []
[2025-08-15 09:46:12] merlin-logger.DEBUG: Post 3028 remapped to 3028 [] []
[2025-08-15 09:46:12] merlin-logger.DEBUG: Processing menu item post_type [] []
[2025-08-15 09:46:12] merlin-logger.DEBUG: Menu item 2865 mapped to 2865 [] []
[2025-08-15 09:46:12] merlin-logger.INFO: Imported "" (Navigation Menu Item) [] []
[2025-08-15 09:46:12] merlin-logger.DEBUG: Post 3029 remapped to 3029 [] []
[2025-08-15 09:46:12] merlin-logger.DEBUG: Processing menu item post_type [] []
[2025-08-15 09:46:12] merlin-logger.DEBUG: Menu item 2864 mapped to 2864 [] []
[2025-08-15 09:46:12] merlin-logger.INFO: Imported "Parallax Gallery" (Page) [] []
[2025-08-15 09:46:12] merlin-logger.DEBUG: Post 3039 remapped to 3039 [] []
[2025-08-15 09:46:12] merlin-logger.INFO: Imported "" (Navigation Menu Item) [] []
[2025-08-15 09:46:12] merlin-logger.DEBUG: Post 3077 remapped to 3077 [] []
[2025-08-15 09:46:12] merlin-logger.DEBUG: Processing menu item post_type [] []
[2025-08-15 09:46:12] merlin-logger.DEBUG: Menu item 3039 mapped to 3039 [] []
[2025-08-15 09:46:12] merlin-logger.INFO: Imported "Marketplace" (Page) [] []
[2025-08-15 09:46:12] merlin-logger.DEBUG: Post 3091 remapped to 3091 [] []
[2025-08-15 09:46:12] merlin-logger.INFO: Imported "Refund and Returns Policy" (Page) [] []
[2025-08-15 09:46:12] merlin-logger.DEBUG: Post 3095 remapped to 3095 [] []
[2025-08-15 09:46:12] merlin-logger.INFO: Imported "Shop" (Navigation Menu Item) [] []
[2025-08-15 09:46:12] merlin-logger.DEBUG: Post 3101 remapped to 3103 [] []
[2025-08-15 09:46:12] merlin-logger.DEBUG: Processing menu item custom [] []
[2025-08-15 09:46:12] merlin-logger.DEBUG: Menu item 3101 mapped to 3103 [] []
[2025-08-15 09:46:12] merlin-logger.INFO: Imported "Navigation" (Navigation Menu) [] []
[2025-08-15 09:46:12] merlin-logger.DEBUG: Post 4 remapped to 3104 [] []
[2025-08-15 09:46:12] merlin-logger.INFO: Imported "Hello world!" (Post) [] []
[2025-08-15 09:46:12] merlin-logger.DEBUG: Post 30 remapped to 30 [] []
[2025-08-15 09:46:12] merlin-logger.WARNING: Failed to import "Brown Hat": Invalid post type product [] []
[2025-08-15 09:46:12] merlin-logger.WARNING: Failed to import "Leather Jacket": Invalid post type product [] []
[2025-08-15 09:46:12] merlin-logger.WARNING: Failed to import "The Speaker": Invalid post type product [] []
[2025-08-15 09:46:12] merlin-logger.WARNING: Failed to import "Backpack": Invalid post type product [] []
[2025-08-15 09:46:12] merlin-logger.WARNING: Failed to import "White Dress": Invalid post type product [] []
[2025-08-15 09:46:12] merlin-logger.WARNING: Failed to import "Sunglasses": Invalid post type product [] []
[2025-08-15 09:46:12] merlin-logger.WARNING: Failed to import "Earth Vase": Invalid post type product [] []
[2025-08-15 09:46:12] merlin-logger.WARNING: Failed to import "Skateboard": Invalid post type product [] []
[2025-08-15 09:46:12] merlin-logger.INFO: Imported "Endless Road Stories" (Post) [] []
[2025-08-15 09:46:12] merlin-logger.DEBUG: Post 2551 remapped to 2551 [] []
[2025-08-15 09:46:12] merlin-logger.INFO: Imported "Blonde Surf Girl" (Post) [] []
[2025-08-15 09:46:12] merlin-logger.DEBUG: Post 2553 remapped to 2553 [] []
[2025-08-15 09:46:12] merlin-logger.INFO: Imported "Bird Eye Shots" (Post) [] []
[2025-08-15 09:46:12] merlin-logger.DEBUG: Post 2555 remapped to 2555 [] []
[2025-08-15 09:46:12] merlin-logger.INFO: Imported "Desert Treasure Hunt" (Post) [] []
[2025-08-15 09:46:12] merlin-logger.DEBUG: Post 2557 remapped to 2557 [] []
[2025-08-15 09:46:12] merlin-logger.INFO: Imported "Blue Ocean Waves" (Post) [] []
[2025-08-15 09:46:12] merlin-logger.DEBUG: Post 2559 remapped to 2559 [] []
[2025-08-15 09:46:12] merlin-logger.INFO: Imported "Button Boxes" (Pattern) [] []
[2025-08-15 09:46:12] merlin-logger.DEBUG: Post 2842 remapped to 2842 [] []
[2025-08-15 09:46:12] merlin-logger.INFO: Imported "Center Block Title" (Pattern) [] []
[2025-08-15 09:46:12] merlin-logger.DEBUG: Post 2964 remapped to 2964 [] []
[2025-08-15 09:46:12] merlin-logger.INFO: Imported "Cart" (Page) [] []
[2025-08-15 09:46:12] merlin-logger.DEBUG: Post 3092 remapped to 3092 [] []
[2025-08-15 09:46:12] merlin-logger.INFO: Imported "Checkout" (Page) [] []
[2025-08-15 09:46:12] merlin-logger.DEBUG: Post 3093 remapped to 3093 [] []
[2025-08-15 09:46:12] merlin-logger.INFO: Imported "My account" (Page) [] []
[2025-08-15 09:46:12] merlin-logger.DEBUG: Post 3094 remapped to 3094 [] []
[2025-08-15 09:46:12] merlin-logger.INFO: Imported "Contact form 1" (Contact Form) [] []
[2025-08-15 09:46:12] merlin-logger.DEBUG: Post 6 remapped to 6 [] []
[2025-08-15 09:46:12] merlin-logger.DEBUG: Running post-processing for post 1201 [] []
[2025-08-15 09:46:12] merlin-logger.WARNING: Could not find the author for "shop13" (post #1201) [] []
[2025-08-15 09:46:12] merlin-logger.DEBUG: Post 1201 was imported with author "admin", but could not be found [] []
[2025-08-15 09:46:12] merlin-logger.DEBUG: Post 1201 was marked for post-processing, but none was required. [] []
[2025-08-15 09:46:12] merlin-logger.DEBUG: Running post-processing for post 1203 [] []
[2025-08-15 09:46:12] merlin-logger.WARNING: Could not find the author for "shop1" (post #1203) [] []
[2025-08-15 09:46:12] merlin-logger.DEBUG: Post 1203 was imported with author "admin", but could not be found [] []
[2025-08-15 09:46:12] merlin-logger.DEBUG: Post 1203 was marked for post-processing, but none was required. [] []
[2025-08-15 09:46:12] merlin-logger.DEBUG: Running post-processing for post 1204 [] []
[2025-08-15 09:46:12] merlin-logger.WARNING: Could not find the author for "shop4" (post #1204) [] []
[2025-08-15 09:46:12] merlin-logger.DEBUG: Post 1204 was imported with author "admin", but could not be found [] []
[2025-08-15 09:46:12] merlin-logger.DEBUG: Post 1204 was marked for post-processing, but none was required. [] []
[2025-08-15 09:46:12] merlin-logger.DEBUG: Running post-processing for post 1206 [] []
[2025-08-15 09:46:12] merlin-logger.WARNING: Could not find the author for "shop6" (post #1206) [] []
[2025-08-15 09:46:12] merlin-logger.DEBUG: Post 1206 was imported with author "admin", but could not be found [] []
[2025-08-15 09:46:12] merlin-logger.DEBUG: Post 1206 was marked for post-processing, but none was required. [] []
[2025-08-15 09:46:12] merlin-logger.DEBUG: Running post-processing for post 1207 [] []
[2025-08-15 09:46:12] merlin-logger.WARNING: Could not find the author for "shop8" (post #1207) [] []
[2025-08-15 09:46:12] merlin-logger.DEBUG: Post 1207 was imported with author "admin", but could not be found [] []
[2025-08-15 09:46:12] merlin-logger.DEBUG: Post 1207 was marked for post-processing, but none was required. [] []
[2025-08-15 09:46:12] merlin-logger.DEBUG: Running post-processing for post 1208 [] []
[2025-08-15 09:46:12] merlin-logger.WARNING: Could not find the author for "shop10" (post #1208) [] []
[2025-08-15 09:46:12] merlin-logger.DEBUG: Post 1208 was imported with author "admin", but could not be found [] []
[2025-08-15 09:46:12] merlin-logger.DEBUG: Post 1208 was marked for post-processing, but none was required. [] []
[2025-08-15 09:46:12] merlin-logger.DEBUG: Running post-processing for post 1209 [] []
[2025-08-15 09:46:12] merlin-logger.WARNING: Could not find the author for "shop12" (post #1209) [] []
[2025-08-15 09:46:12] merlin-logger.DEBUG: Post 1209 was imported with author "admin", but could not be found [] []
[2025-08-15 09:46:12] merlin-logger.DEBUG: Post 1209 was marked for post-processing, but none was required. [] []
[2025-08-15 09:46:12] merlin-logger.DEBUG: Running post-processing for post 1220 [] []
[2025-08-15 09:46:12] merlin-logger.WARNING: Could not find the author for "shop9" (post #1220) [] []
[2025-08-15 09:46:12] merlin-logger.DEBUG: Post 1220 was imported with author "admin", but could not be found [] []
[2025-08-15 09:46:12] merlin-logger.DEBUG: Post 1220 was marked for post-processing, but none was required. [] []
[2025-08-15 09:46:12] merlin-logger.DEBUG: Running post-processing for post 2562 [] []
[2025-08-15 09:46:12] merlin-logger.WARNING: Could not find the author for "1" (post #2562) [] []
[2025-08-15 09:46:12] merlin-logger.DEBUG: Post 2562 was imported with author "admin", but could not be found [] []
[2025-08-15 09:46:12] merlin-logger.DEBUG: Post 2562 was marked for post-processing, but none was required. [] []
[2025-08-15 09:46:12] merlin-logger.DEBUG: Running post-processing for post 2563 [] []
[2025-08-15 09:46:12] merlin-logger.WARNING: Could not find the author for "7" (post #2563) [] []
[2025-08-15 09:46:12] merlin-logger.DEBUG: Post 2563 was imported with author "admin", but could not be found [] []
[2025-08-15 09:46:12] merlin-logger.DEBUG: Post 2563 was marked for post-processing, but none was required. [] []
[2025-08-15 09:46:12] merlin-logger.DEBUG: Running post-processing for post 2564 [] []
[2025-08-15 09:46:12] merlin-logger.WARNING: Could not find the author for "8" (post #2564) [] []
[2025-08-15 09:46:12] merlin-logger.DEBUG: Post 2564 was imported with author "admin", but could not be found [] []
[2025-08-15 09:46:12] merlin-logger.DEBUG: Post 2564 was marked for post-processing, but none was required. [] []
[2025-08-15 09:46:12] merlin-logger.DEBUG: Running post-processing for post 2565 [] []
[2025-08-15 09:46:12] merlin-logger.WARNING: Could not find the author for "12" (post #2565) [] []
[2025-08-15 09:46:12] merlin-logger.DEBUG: Post 2565 was imported with author "admin", but could not be found [] []
[2025-08-15 09:46:12] merlin-logger.DEBUG: Post 2565 was marked for post-processing, but none was required. [] []
[2025-08-15 09:46:12] merlin-logger.DEBUG: Running post-processing for post 2566 [] []
[2025-08-15 09:46:12] merlin-logger.WARNING: Could not find the author for "17" (post #2566) [] []
[2025-08-15 09:46:12] merlin-logger.DEBUG: Post 2566 was imported with author "admin", but could not be found [] []
[2025-08-15 09:46:12] merlin-logger.DEBUG: Post 2566 was marked for post-processing, but none was required. [] []
[2025-08-15 09:46:12] merlin-logger.DEBUG: Running post-processing for post 2718 [] []
[2025-08-15 09:46:12] merlin-logger.WARNING: Could not find the author for "01hero" (post #2718) [] []
[2025-08-15 09:46:12] merlin-logger.DEBUG: Post 2718 was imported with author "admin", but could not be found [] []
[2025-08-15 09:46:12] merlin-logger.DEBUG: Post 2718 was marked for post-processing, but none was required. [] []
[2025-08-15 09:46:12] merlin-logger.DEBUG: Running post-processing for post 2719 [] []
[2025-08-15 09:46:12] merlin-logger.WARNING: Could not find the author for "02hero" (post #2719) [] []
[2025-08-15 09:46:12] merlin-logger.DEBUG: Post 2719 was imported with author "admin", but could not be found [] []
[2025-08-15 09:46:12] merlin-logger.DEBUG: Post 2719 was marked for post-processing, but none was required. [] []
[2025-08-15 09:46:12] merlin-logger.DEBUG: Running post-processing for post 2720 [] []
[2025-08-15 09:46:12] merlin-logger.WARNING: Could not find the author for "03hero" (post #2720) [] []
[2025-08-15 09:46:12] merlin-logger.DEBUG: Post 2720 was imported with author "admin", but could not be found [] []
[2025-08-15 09:46:12] merlin-logger.DEBUG: Post 2720 was marked for post-processing, but none was required. [] []
[2025-08-15 09:46:12] merlin-logger.DEBUG: Running post-processing for post 2721 [] []
[2025-08-15 09:46:12] merlin-logger.WARNING: Could not find the author for "04hero" (post #2721) [] []
[2025-08-15 09:46:12] merlin-logger.DEBUG: Post 2721 was imported with author "admin", but could not be found [] []
[2025-08-15 09:46:12] merlin-logger.DEBUG: Post 2721 was marked for post-processing, but none was required. [] []
[2025-08-15 09:46:12] merlin-logger.DEBUG: Running post-processing for post 2722 [] []
[2025-08-15 09:46:12] merlin-logger.WARNING: Could not find the author for "05hero" (post #2722) [] []
[2025-08-15 09:46:12] merlin-logger.DEBUG: Post 2722 was imported with author "admin", but could not be found [] []
[2025-08-15 09:46:12] merlin-logger.DEBUG: Post 2722 was marked for post-processing, but none was required. [] []
[2025-08-15 09:46:12] merlin-logger.DEBUG: Running post-processing for post 2723 [] []
[2025-08-15 09:46:12] merlin-logger.WARNING: Could not find the author for "06hero" (post #2723) [] []
[2025-08-15 09:46:12] merlin-logger.DEBUG: Post 2723 was imported with author "admin", but could not be found [] []
[2025-08-15 09:46:12] merlin-logger.DEBUG: Post 2723 was marked for post-processing, but none was required. [] []
[2025-08-15 09:46:12] merlin-logger.DEBUG: Running post-processing for post 2724 [] []
[2025-08-15 09:46:12] merlin-logger.WARNING: Could not find the author for "07hero" (post #2724) [] []
[2025-08-15 09:46:12] merlin-logger.DEBUG: Post 2724 was imported with author "admin", but could not be found [] []
[2025-08-15 09:46:12] merlin-logger.DEBUG: Post 2724 was marked for post-processing, but none was required. [] []
[2025-08-15 09:46:12] merlin-logger.DEBUG: Running post-processing for post 2725 [] []
[2025-08-15 09:46:12] merlin-logger.WARNING: Could not find the author for "08hero" (post #2725) [] []
[2025-08-15 09:46:12] merlin-logger.DEBUG: Post 2725 was imported with author "admin", but could not be found [] []
[2025-08-15 09:46:12] merlin-logger.DEBUG: Post 2725 was marked for post-processing, but none was required. [] []
[2025-08-15 09:46:12] merlin-logger.DEBUG: Running post-processing for post 2778 [] []
[2025-08-15 09:46:12] merlin-logger.WARNING: Could not find the author for "about" (post #2778) [] []
[2025-08-15 09:46:12] merlin-logger.DEBUG: Post 2778 was imported with author "admin", but could not be found [] []
[2025-08-15 09:46:12] merlin-logger.DEBUG: Running post-processing for post 2819 [] []
[2025-08-15 09:46:12] merlin-logger.WARNING: Could not find the author for "team5" (post #2819) [] []
[2025-08-15 09:46:12] merlin-logger.DEBUG: Post 2819 was imported with author "admin", but could not be found [] []
[2025-08-15 09:46:12] merlin-logger.DEBUG: Running post-processing for post 2820 [] []
[2025-08-15 09:46:12] merlin-logger.WARNING: Could not find the author for "team1" (post #2820) [] []
[2025-08-15 09:46:12] merlin-logger.DEBUG: Post 2820 was imported with author "admin", but could not be found [] []
[2025-08-15 09:46:12] merlin-logger.DEBUG: Running post-processing for post 2821 [] []
[2025-08-15 09:46:12] merlin-logger.WARNING: Could not find the author for "team2" (post #2821) [] []
[2025-08-15 09:46:12] merlin-logger.DEBUG: Post 2821 was imported with author "admin", but could not be found [] []
[2025-08-15 09:46:12] merlin-logger.DEBUG: Running post-processing for post 2822 [] []
[2025-08-15 09:46:12] merlin-logger.WARNING: Could not find the author for "team3" (post #2822) [] []
[2025-08-15 09:46:12] merlin-logger.DEBUG: Post 2822 was imported with author "admin", but could not be found [] []
[2025-08-15 09:46:12] merlin-logger.DEBUG: Running post-processing for post 2823 [] []
[2025-08-15 09:46:12] merlin-logger.WARNING: Could not find the author for "team4" (post #2823) [] []
[2025-08-15 09:46:12] merlin-logger.DEBUG: Post 2823 was imported with author "admin", but could not be found [] []
[2025-08-15 09:46:12] merlin-logger.DEBUG: Running post-processing for post 2828 [] []
[2025-08-15 09:46:12] merlin-logger.WARNING: Could not find the author for "client-03" (post #2828) [] []
[2025-08-15 09:46:12] merlin-logger.DEBUG: Post 2828 was imported with author "admin", but could not be found [] []
[2025-08-15 09:46:12] merlin-logger.DEBUG: Running post-processing for post 2829 [] []
[2025-08-15 09:46:12] merlin-logger.WARNING: Could not find the author for "client-04" (post #2829) [] []
[2025-08-15 09:46:12] merlin-logger.DEBUG: Post 2829 was imported with author "admin", but could not be found [] []
[2025-08-15 09:46:12] merlin-logger.DEBUG: Running post-processing for post 2830 [] []
[2025-08-15 09:46:12] merlin-logger.WARNING: Could not find the author for "client-05" (post #2830) [] []
[2025-08-15 09:46:12] merlin-logger.DEBUG: Post 2830 was imported with author "admin", but could not be found [] []
[2025-08-15 09:46:12] merlin-logger.DEBUG: Running post-processing for post 2831 [] []
[2025-08-15 09:46:12] merlin-logger.WARNING: Could not find the author for "client-06" (post #2831) [] []
[2025-08-15 09:46:12] merlin-logger.DEBUG: Post 2831 was imported with author "admin", but could not be found [] []
[2025-08-15 09:46:12] merlin-logger.DEBUG: Running post-processing for post 2832 [] []
[2025-08-15 09:46:12] merlin-logger.WARNING: Could not find the author for "client-07" (post #2832) [] []
[2025-08-15 09:46:12] merlin-logger.DEBUG: Post 2832 was imported with author "admin", but could not be found [] []
[2025-08-15 09:46:12] merlin-logger.DEBUG: Running post-processing for post 2833 [] []
[2025-08-15 09:46:12] merlin-logger.WARNING: Could not find the author for "client-08" (post #2833) [] []
[2025-08-15 09:46:12] merlin-logger.DEBUG: Post 2833 was imported with author "admin", but could not be found [] []
[2025-08-15 09:46:12] merlin-logger.DEBUG: Running post-processing for post 2834 [] []
[2025-08-15 09:46:12] merlin-logger.WARNING: Could not find the author for "client-01" (post #2834) [] []
[2025-08-15 09:46:12] merlin-logger.DEBUG: Post 2834 was imported with author "admin", but could not be found [] []
[2025-08-15 09:46:12] merlin-logger.DEBUG: Running post-processing for post 2835 [] []
[2025-08-15 09:46:12] merlin-logger.WARNING: Could not find the author for "client-02" (post #2835) [] []
[2025-08-15 09:46:12] merlin-logger.DEBUG: Post 2835 was imported with author "admin", but could not be found [] []
[2025-08-15 09:46:12] merlin-logger.DEBUG: Running post-processing for post 2874 [] []
[2025-08-15 09:46:12] merlin-logger.WARNING: Could not find the author for "pinned02" (post #2874) [] []
[2025-08-15 09:46:12] merlin-logger.DEBUG: Post 2874 was imported with author "admin", but could not be found [] []
[2025-08-15 09:46:12] merlin-logger.DEBUG: Post 2874 was marked for post-processing, but none was required. [] []
[2025-08-15 09:46:12] merlin-logger.DEBUG: Running post-processing for post 2875 [] []
[2025-08-15 09:46:12] merlin-logger.WARNING: Could not find the author for "collage01" (post #2875) [] []
[2025-08-15 09:46:12] merlin-logger.DEBUG: Post 2875 was imported with author "admin", but could not be found [] []
[2025-08-15 09:46:12] merlin-logger.DEBUG: Post 2875 was marked for post-processing, but none was required. [] []
[2025-08-15 09:46:12] merlin-logger.DEBUG: Running post-processing for post 2876 [] []
[2025-08-15 09:46:12] merlin-logger.WARNING: Could not find the author for "collage02" (post #2876) [] []
[2025-08-15 09:46:12] merlin-logger.DEBUG: Post 2876 was imported with author "admin", but could not be found [] []
[2025-08-15 09:46:12] merlin-logger.DEBUG: Post 2876 was marked for post-processing, but none was required. [] []
[2025-08-15 09:46:12] merlin-logger.DEBUG: Running post-processing for post 2877 [] []
[2025-08-15 09:46:12] merlin-logger.WARNING: Could not find the author for "collage03" (post #2877) [] []
[2025-08-15 09:46:12] merlin-logger.DEBUG: Post 2877 was imported with author "admin", but could not be found [] []
[2025-08-15 09:46:12] merlin-logger.DEBUG: Post 2877 was marked for post-processing, but none was required. [] []
[2025-08-15 09:46:12] merlin-logger.DEBUG: Running post-processing for post 2878 [] []
[2025-08-15 09:46:12] merlin-logger.WARNING: Could not find the author for "collage04" (post #2878) [] []
[2025-08-15 09:46:12] merlin-logger.DEBUG: Post 2878 was imported with author "admin", but could not be found [] []
[2025-08-15 09:46:12] merlin-logger.DEBUG: Post 2878 was marked for post-processing, but none was required. [] []
[2025-08-15 09:46:12] merlin-logger.DEBUG: Running post-processing for post 2879 [] []
[2025-08-15 09:46:12] merlin-logger.WARNING: Could not find the author for "collage05" (post #2879) [] []
[2025-08-15 09:46:12] merlin-logger.DEBUG: Post 2879 was imported with author "admin", but could not be found [] []
[2025-08-15 09:46:12] merlin-logger.DEBUG: Post 2879 was marked for post-processing, but none was required. [] []
[2025-08-15 09:46:12] merlin-logger.DEBUG: Running post-processing for post 2880 [] []
[2025-08-15 09:46:12] merlin-logger.WARNING: Could not find the author for "collage06" (post #2880) [] []
[2025-08-15 09:46:12] merlin-logger.DEBUG: Post 2880 was imported with author "admin", but could not be found [] []
[2025-08-15 09:46:12] merlin-logger.DEBUG: Post 2880 was marked for post-processing, but none was required. [] []
[2025-08-15 09:46:12] merlin-logger.DEBUG: Running post-processing for post 2881 [] []
[2025-08-15 09:46:12] merlin-logger.WARNING: Could not find the author for "collage07" (post #2881) [] []
[2025-08-15 09:46:12] merlin-logger.DEBUG: Post 2881 was imported with author "admin", but could not be found [] []
[2025-08-15 09:46:12] merlin-logger.DEBUG: Post 2881 was marked for post-processing, but none was required. [] []
[2025-08-15 09:46:12] merlin-logger.DEBUG: Running post-processing for post 2883 [] []
[2025-08-15 09:46:12] merlin-logger.WARNING: Could not find the author for "image01" (post #2883) [] []
[2025-08-15 09:46:12] merlin-logger.DEBUG: Post 2883 was imported with author "admin", but could not be found [] []
[2025-08-15 09:46:12] merlin-logger.DEBUG: Post 2883 was marked for post-processing, but none was required. [] []
[2025-08-15 09:46:12] merlin-logger.DEBUG: Running post-processing for post 2884 [] []
[2025-08-15 09:46:12] merlin-logger.WARNING: Could not find the author for "image02" (post #2884) [] []
[2025-08-15 09:46:12] merlin-logger.DEBUG: Post 2884 was imported with author "admin", but could not be found [] []
[2025-08-15 09:46:12] merlin-logger.DEBUG: Post 2884 was marked for post-processing, but none was required. [] []
[2025-08-15 09:46:12] merlin-logger.DEBUG: Running post-processing for post 2885 [] []
[2025-08-15 09:46:12] merlin-logger.WARNING: Could not find the author for "image03" (post #2885) [] []
[2025-08-15 09:46:12] merlin-logger.DEBUG: Post 2885 was imported with author "admin", but could not be found [] []
[2025-08-15 09:46:12] merlin-logger.DEBUG: Post 2885 was marked for post-processing, but none was required. [] []
[2025-08-15 09:46:12] merlin-logger.DEBUG: Running post-processing for post 2886 [] []
[2025-08-15 09:46:12] merlin-logger.WARNING: Could not find the author for "image04" (post #2886) [] []
[2025-08-15 09:46:12] merlin-logger.DEBUG: Post 2886 was imported with author "admin", but could not be found [] []
[2025-08-15 09:46:12] merlin-logger.DEBUG: Post 2886 was marked for post-processing, but none was required. [] []
[2025-08-15 09:46:12] merlin-logger.DEBUG: Running post-processing for post 2887 [] []
[2025-08-15 09:46:12] merlin-logger.WARNING: Could not find the author for "pinned01" (post #2887) [] []
[2025-08-15 09:46:12] merlin-logger.DEBUG: Post 2887 was imported with author "admin", but could not be found [] []
[2025-08-15 09:46:12] merlin-logger.DEBUG: Post 2887 was marked for post-processing, but none was required. [] []
[2025-08-15 09:46:12] merlin-logger.DEBUG: Running post-processing for post 2903 [] []
[2025-08-15 09:46:12] merlin-logger.WARNING: Could not find the author for "chair01" (post #2903) [] []
[2025-08-15 09:46:12] merlin-logger.DEBUG: Post 2903 was imported with author "admin", but could not be found [] []
[2025-08-15 09:46:12] merlin-logger.DEBUG: Post 2903 was marked for post-processing, but none was required. [] []
[2025-08-15 09:46:12] merlin-logger.DEBUG: Running post-processing for post 2904 [] []
[2025-08-15 09:46:12] merlin-logger.WARNING: Could not find the author for "chair02" (post #2904) [] []
[2025-08-15 09:46:12] merlin-logger.DEBUG: Post 2904 was imported with author "admin", but could not be found [] []
[2025-08-15 09:46:12] merlin-logger.DEBUG: Post 2904 was marked for post-processing, but none was required. [] []
[2025-08-15 09:46:12] merlin-logger.DEBUG: Running post-processing for post 2905 [] []
[2025-08-15 09:46:12] merlin-logger.WARNING: Could not find the author for "chair03" (post #2905) [] []
[2025-08-15 09:46:12] merlin-logger.DEBUG: Post 2905 was imported with author "admin", but could not be found [] []
[2025-08-15 09:46:12] merlin-logger.DEBUG: Post 2905 was marked for post-processing, but none was required. [] []
[2025-08-15 09:46:12] merlin-logger.DEBUG: Running post-processing for post 2906 [] []
[2025-08-15 09:46:12] merlin-logger.WARNING: Could not find the author for "chair04" (post #2906) [] []
[2025-08-15 09:46:12] merlin-logger.DEBUG: Post 2906 was imported with author "admin", but could not be found [] []
[2025-08-15 09:46:12] merlin-logger.DEBUG: Post 2906 was marked for post-processing, but none was required. [] []
[2025-08-15 09:46:12] merlin-logger.DEBUG: Running post-processing for post 2907 [] []
[2025-08-15 09:46:12] merlin-logger.WARNING: Could not find the author for "dude01" (post #2907) [] []
[2025-08-15 09:46:12] merlin-logger.DEBUG: Post 2907 was imported with author "admin", but could not be found [] []
[2025-08-15 09:46:12] merlin-logger.DEBUG: Post 2907 was marked for post-processing, but none was required. [] []
[2025-08-15 09:46:12] merlin-logger.DEBUG: Running post-processing for post 2908 [] []
[2025-08-15 09:46:12] merlin-logger.WARNING: Could not find the author for "enclosure01" (post #2908) [] []
[2025-08-15 09:46:12] merlin-logger.DEBUG: Post 2908 was imported with author "admin", but could not be found [] []
[2025-08-15 09:46:12] merlin-logger.DEBUG: Post 2908 was marked for post-processing, but none was required. [] []
[2025-08-15 09:46:12] merlin-logger.DEBUG: Running post-processing for post 2909 [] []
[2025-08-15 09:46:12] merlin-logger.WARNING: Could not find the author for "enclosure02" (post #2909) [] []
[2025-08-15 09:46:12] merlin-logger.DEBUG: Post 2909 was imported with author "admin", but could not be found [] []
[2025-08-15 09:46:12] merlin-logger.DEBUG: Post 2909 was marked for post-processing, but none was required. [] []
[2025-08-15 09:46:12] merlin-logger.DEBUG: Running post-processing for post 2910 [] []
[2025-08-15 09:46:12] merlin-logger.WARNING: Could not find the author for "enclosure03" (post #2910) [] []
[2025-08-15 09:46:12] merlin-logger.DEBUG: Post 2910 was imported with author "admin", but could not be found [] []
[2025-08-15 09:46:12] merlin-logger.DEBUG: Post 2910 was marked for post-processing, but none was required. [] []
[2025-08-15 09:46:12] merlin-logger.DEBUG: Running post-processing for post 2911 [] []
[2025-08-15 09:46:12] merlin-logger.WARNING: Could not find the author for "fold01" (post #2911) [] []
[2025-08-15 09:46:12] merlin-logger.DEBUG: Post 2911 was imported with author "admin", but could not be found [] []
[2025-08-15 09:46:12] merlin-logger.DEBUG: Post 2911 was marked for post-processing, but none was required. [] []
[2025-08-15 09:46:12] merlin-logger.DEBUG: Running post-processing for post 2913 [] []
[2025-08-15 09:46:12] merlin-logger.WARNING: Could not find the author for "fold02" (post #2913) [] []
[2025-08-15 09:46:12] merlin-logger.DEBUG: Post 2913 was imported with author "admin", but could not be found [] []
[2025-08-15 09:46:12] merlin-logger.DEBUG: Post 2913 was marked for post-processing, but none was required. [] []
[2025-08-15 09:46:12] merlin-logger.DEBUG: Running post-processing for post 2914 [] []
[2025-08-15 09:46:12] merlin-logger.WARNING: Could not find the author for "fold03" (post #2914) [] []
[2025-08-15 09:46:12] merlin-logger.DEBUG: Post 2914 was imported with author "admin", but could not be found [] []
[2025-08-15 09:46:12] merlin-logger.DEBUG: Post 2914 was marked for post-processing, but none was required. [] []
[2025-08-15 09:46:12] merlin-logger.DEBUG: Running post-processing for post 2915 [] []
[2025-08-15 09:46:12] merlin-logger.WARNING: Could not find the author for "fold04" (post #2915) [] []
[2025-08-15 09:46:12] merlin-logger.DEBUG: Post 2915 was imported with author "admin", but could not be found [] []
[2025-08-15 09:46:12] merlin-logger.DEBUG: Post 2915 was marked for post-processing, but none was required. [] []
[2025-08-15 09:46:12] merlin-logger.DEBUG: Running post-processing for post 2916 [] []
[2025-08-15 09:46:12] merlin-logger.WARNING: Could not find the author for "green01" (post #2916) [] []
[2025-08-15 09:46:12] merlin-logger.DEBUG: Post 2916 was imported with author "admin", but could not be found [] []
[2025-08-15 09:46:12] merlin-logger.DEBUG: Post 2916 was marked for post-processing, but none was required. [] []
[2025-08-15 09:46:12] merlin-logger.DEBUG: Running post-processing for post 2917 [] []
[2025-08-15 09:46:12] merlin-logger.WARNING: Could not find the author for "green02" (post #2917) [] []
[2025-08-15 09:46:12] merlin-logger.DEBUG: Post 2917 was imported with author "admin", but could not be found [] []
[2025-08-15 09:46:12] merlin-logger.DEBUG: Post 2917 was marked for post-processing, but none was required. [] []
[2025-08-15 09:46:12] merlin-logger.DEBUG: Running post-processing for post 2918 [] []
[2025-08-15 09:46:12] merlin-logger.WARNING: Could not find the author for "green03" (post #2918) [] []
[2025-08-15 09:46:12] merlin-logger.DEBUG: Post 2918 was imported with author "admin", but could not be found [] []
[2025-08-15 09:46:12] merlin-logger.DEBUG: Post 2918 was marked for post-processing, but none was required. [] []
[2025-08-15 09:46:12] merlin-logger.DEBUG: Running post-processing for post 2919 [] []
[2025-08-15 09:46:12] merlin-logger.WARNING: Could not find the author for "liners01" (post #2919) [] []
[2025-08-15 09:46:12] merlin-logger.DEBUG: Post 2919 was imported with author "admin", but could not be found [] []
[2025-08-15 09:46:12] merlin-logger.DEBUG: Post 2919 was marked for post-processing, but none was required. [] []
[2025-08-15 09:46:12] merlin-logger.DEBUG: Running post-processing for post 2920 [] []
[2025-08-15 09:46:12] merlin-logger.WARNING: Could not find the author for "liners02" (post #2920) [] []
[2025-08-15 09:46:12] merlin-logger.DEBUG: Post 2920 was imported with author "admin", but could not be found [] []
[2025-08-15 09:46:12] merlin-logger.DEBUG: Post 2920 was marked for post-processing, but none was required. [] []
[2025-08-15 09:46:12] merlin-logger.DEBUG: Running post-processing for post 2921 [] []
[2025-08-15 09:46:12] merlin-logger.WARNING: Could not find the author for "liners03" (post #2921) [] []
[2025-08-15 09:46:12] merlin-logger.DEBUG: Post 2921 was imported with author "admin", but could not be found [] []
[2025-08-15 09:46:12] merlin-logger.DEBUG: Post 2921 was marked for post-processing, but none was required. [] []
[2025-08-15 09:46:12] merlin-logger.DEBUG: Running post-processing for post 2922 [] []
[2025-08-15 09:46:12] merlin-logger.WARNING: Could not find the author for "liners04" (post #2922) [] []
[2025-08-15 09:46:12] merlin-logger.DEBUG: Post 2922 was imported with author "admin", but could not be found [] []
[2025-08-15 09:46:12] merlin-logger.DEBUG: Post 2922 was marked for post-processing, but none was required. [] []
[2025-08-15 09:46:12] merlin-logger.DEBUG: Running post-processing for post 2923 [] []
[2025-08-15 09:46:12] merlin-logger.WARNING: Could not find the author for "liners05" (post #2923) [] []
[2025-08-15 09:46:12] merlin-logger.DEBUG: Post 2923 was imported with author "admin", but could not be found [] []
[2025-08-15 09:46:12] merlin-logger.DEBUG: Post 2923 was marked for post-processing, but none was required. [] []
[2025-08-15 09:46:12] merlin-logger.DEBUG: Running post-processing for post 2924 [] []
[2025-08-15 09:46:12] merlin-logger.WARNING: Could not find the author for "liners06" (post #2924) [] []
[2025-08-15 09:46:12] merlin-logger.DEBUG: Post 2924 was imported with author "admin", but could not be found [] []
[2025-08-15 09:46:12] merlin-logger.DEBUG: Post 2924 was marked for post-processing, but none was required. [] []
[2025-08-15 09:46:12] merlin-logger.DEBUG: Running post-processing for post 2925 [] []
[2025-08-15 09:46:12] merlin-logger.WARNING: Could not find the author for "nano01" (post #2925) [] []
[2025-08-15 09:46:12] merlin-logger.DEBUG: Post 2925 was imported with author "admin", but could not be found [] []
[2025-08-15 09:46:12] merlin-logger.DEBUG: Post 2925 was marked for post-processing, but none was required. [] []
[2025-08-15 09:46:12] merlin-logger.DEBUG: Running post-processing for post 2926 [] []
[2025-08-15 09:46:12] merlin-logger.WARNING: Could not find the author for "nano02" (post #2926) [] []
[2025-08-15 09:46:12] merlin-logger.DEBUG: Post 2926 was imported with author "admin", but could not be found [] []
[2025-08-15 09:46:12] merlin-logger.DEBUG: Post 2926 was marked for post-processing, but none was required. [] []
[2025-08-15 09:46:12] merlin-logger.DEBUG: Running post-processing for post 2927 [] []
[2025-08-15 09:46:12] merlin-logger.WARNING: Could not find the author for "nano03" (post #2927) [] []
[2025-08-15 09:46:12] merlin-logger.DEBUG: Post 2927 was imported with author "admin", but could not be found [] []
[2025-08-15 09:46:12] merlin-logger.DEBUG: Post 2927 was marked for post-processing, but none was required. [] []
[2025-08-15 09:46:12] merlin-logger.DEBUG: Running post-processing for post 2928 [] []
[2025-08-15 09:46:12] merlin-logger.WARNING: Could not find the author for "storm01" (post #2928) [] []
[2025-08-15 09:46:12] merlin-logger.DEBUG: Post 2928 was imported with author "admin", but could not be found [] []
[2025-08-15 09:46:12] merlin-logger.DEBUG: Post 2928 was marked for post-processing, but none was required. [] []
[2025-08-15 09:46:12] merlin-logger.DEBUG: Running post-processing for post 2929 [] []
[2025-08-15 09:46:12] merlin-logger.WARNING: Could not find the author for "storm02" (post #2929) [] []
[2025-08-15 09:46:12] merlin-logger.DEBUG: Post 2929 was imported with author "admin", but could not be found [] []
[2025-08-15 09:46:12] merlin-logger.DEBUG: Post 2929 was marked for post-processing, but none was required. [] []
[2025-08-15 09:46:12] merlin-logger.DEBUG: Running post-processing for post 2930 [] []
[2025-08-15 09:46:12] merlin-logger.WARNING: Could not find the author for "storm03" (post #2930) [] []
[2025-08-15 09:46:12] merlin-logger.DEBUG: Post 2930 was imported with author "admin", but could not be found [] []
[2025-08-15 09:46:12] merlin-logger.DEBUG: Post 2930 was marked for post-processing, but none was required. [] []
[2025-08-15 09:46:12] merlin-logger.DEBUG: Running post-processing for post 2981 [] []
[2025-08-15 09:46:12] merlin-logger.WARNING: Could not find the author for "aw01" (post #2981) [] []
[2025-08-15 09:46:12] merlin-logger.DEBUG: Post 2981 was imported with author "admin", but could not be found [] []
[2025-08-15 09:46:12] merlin-logger.DEBUG: Running post-processing for post 2982 [] []
[2025-08-15 09:46:12] merlin-logger.WARNING: Could not find the author for "aw02" (post #2982) [] []
[2025-08-15 09:46:12] merlin-logger.DEBUG: Post 2982 was imported with author "admin", but could not be found [] []
[2025-08-15 09:46:12] merlin-logger.DEBUG: Running post-processing for post 2983 [] []
[2025-08-15 09:46:12] merlin-logger.WARNING: Could not find the author for "aw03" (post #2983) [] []
[2025-08-15 09:46:12] merlin-logger.DEBUG: Post 2983 was imported with author "admin", but could not be found [] []
[2025-08-15 09:46:12] merlin-logger.DEBUG: Running post-processing for post 2984 [] []
[2025-08-15 09:46:12] merlin-logger.WARNING: Could not find the author for "aw04" (post #2984) [] []
[2025-08-15 09:46:12] merlin-logger.DEBUG: Post 2984 was imported with author "admin", but could not be found [] []
[2025-08-15 09:46:12] merlin-logger.DEBUG: Running post-processing for post 2985 [] []
[2025-08-15 09:46:12] merlin-logger.WARNING: Could not find the author for "aw05" (post #2985) [] []
[2025-08-15 09:46:12] merlin-logger.DEBUG: Post 2985 was imported with author "admin", but could not be found [] []
[2025-08-15 09:46:12] merlin-logger.DEBUG: Running post-processing for post 2710 [] []
[2025-08-15 09:46:12] merlin-logger.WARNING: Could not find the author for "Enclosure" (post #2710) [] []
[2025-08-15 09:46:12] merlin-logger.DEBUG: Post 2710 was imported with author "admin", but could not be found [] []
[2025-08-15 09:46:12] merlin-logger.DEBUG: Post 2710 was marked for post-processing, but none was required. [] []
[2025-08-15 09:46:12] merlin-logger.DEBUG: Running post-processing for post 2711 [] []
[2025-08-15 09:46:12] merlin-logger.WARNING: Could not find the author for "Folding Phone" (post #2711) [] []
[2025-08-15 09:46:12] merlin-logger.DEBUG: Post 2711 was imported with author "admin", but could not be found [] []
[2025-08-15 09:46:12] merlin-logger.DEBUG: Post 2711 was marked for post-processing, but none was required. [] []
[2025-08-15 09:46:12] merlin-logger.DEBUG: Running post-processing for post 2712 [] []
[2025-08-15 09:46:12] merlin-logger.WARNING: Could not find the author for "Leather Chair" (post #2712) [] []
[2025-08-15 09:46:12] merlin-logger.DEBUG: Post 2712 was imported with author "admin", but could not be found [] []
[2025-08-15 09:46:12] merlin-logger.DEBUG: Post 2712 was marked for post-processing, but none was required. [] []
[2025-08-15 09:46:12] merlin-logger.DEBUG: Running post-processing for post 2713 [] []
[2025-08-15 09:46:12] merlin-logger.WARNING: Could not find the author for "Sphere Digital" (post #2713) [] []
[2025-08-15 09:46:12] merlin-logger.DEBUG: Post 2713 was imported with author "admin", but could not be found [] []
[2025-08-15 09:46:12] merlin-logger.DEBUG: Post 2713 was marked for post-processing, but none was required. [] []
[2025-08-15 09:46:12] merlin-logger.DEBUG: Running post-processing for post 2714 [] []
[2025-08-15 09:46:12] merlin-logger.WARNING: Could not find the author for "Cool Dude" (post #2714) [] []
[2025-08-15 09:46:12] merlin-logger.DEBUG: Post 2714 was imported with author "admin", but could not be found [] []
[2025-08-15 09:46:12] merlin-logger.DEBUG: Running post-processing for post 2715 [] []
[2025-08-15 09:46:12] merlin-logger.WARNING: Could not find the author for "Nanotech" (post #2715) [] []
[2025-08-15 09:46:12] merlin-logger.DEBUG: Post 2715 was imported with author "admin", but could not be found [] []
[2025-08-15 09:46:12] merlin-logger.DEBUG: Post 2715 was marked for post-processing, but none was required. [] []
[2025-08-15 09:46:12] merlin-logger.DEBUG: Running post-processing for post 2716 [] []
[2025-08-15 09:46:12] merlin-logger.WARNING: Could not find the author for "Green Audio" (post #2716) [] []
[2025-08-15 09:46:12] merlin-logger.DEBUG: Post 2716 was imported with author "admin", but could not be found [] []
[2025-08-15 09:46:12] merlin-logger.DEBUG: Running post-processing for post 2717 [] []
[2025-08-15 09:46:12] merlin-logger.WARNING: Could not find the author for "White Liners" (post #2717) [] []
[2025-08-15 09:46:12] merlin-logger.DEBUG: Post 2717 was imported with author "admin", but could not be found [] []
[2025-08-15 09:46:12] merlin-logger.DEBUG: Running post-processing for post 2729 [] []
[2025-08-15 09:46:12] merlin-logger.WARNING: Could not find the author for "" (post #2729) [] []
[2025-08-15 09:46:12] merlin-logger.DEBUG: Post 2729 was imported with author "admin", but could not be found [] []
[2025-08-15 09:46:12] merlin-logger.DEBUG: Post 2729 was marked for post-processing, but none was required. [] []
[2025-08-15 09:46:12] merlin-logger.DEBUG: Running post-processing for post 2740 [] []
[2025-08-15 09:46:12] merlin-logger.WARNING: Could not find the author for "" (post #2740) [] []
[2025-08-15 09:46:12] merlin-logger.DEBUG: Post 2740 was imported with author "admin", but could not be found [] []
[2025-08-15 09:46:12] merlin-logger.DEBUG: Post 2740 was marked for post-processing, but none was required. [] []
[2025-08-15 09:46:12] merlin-logger.DEBUG: Running post-processing for post 2741 [] []
[2025-08-15 09:46:12] merlin-logger.WARNING: Could not find the author for "" (post #2741) [] []
[2025-08-15 09:46:12] merlin-logger.DEBUG: Post 2741 was imported with author "admin", but could not be found [] []
[2025-08-15 09:46:12] merlin-logger.DEBUG: Post 2741 was marked for post-processing, but none was required. [] []
[2025-08-15 09:46:12] merlin-logger.DEBUG: Running post-processing for post 2742 [] []
[2025-08-15 09:46:12] merlin-logger.WARNING: Could not find the author for "Portfolio" (post #2742) [] []
[2025-08-15 09:46:12] merlin-logger.DEBUG: Post 2742 was imported with author "admin", but could not be found [] []
[2025-08-15 09:46:12] merlin-logger.DEBUG: Post 2742 was marked for post-processing, but none was required. [] []
[2025-08-15 09:46:12] merlin-logger.DEBUG: Running post-processing for post 2772 [] []
[2025-08-15 09:46:12] merlin-logger.WARNING: Could not find the author for "" (post #2772) [] []
[2025-08-15 09:46:12] merlin-logger.DEBUG: Post 2772 was imported with author "admin", but could not be found [] []
[2025-08-15 09:46:12] merlin-logger.DEBUG: Post 2772 was marked for post-processing, but none was required. [] []
[2025-08-15 09:46:12] merlin-logger.DEBUG: Running post-processing for post 2773 [] []
[2025-08-15 09:46:12] merlin-logger.WARNING: Could not find the author for "" (post #2773) [] []
[2025-08-15 09:46:12] merlin-logger.DEBUG: Post 2773 was imported with author "admin", but could not be found [] []
[2025-08-15 09:46:12] merlin-logger.DEBUG: Post 2773 was marked for post-processing, but none was required. [] []
[2025-08-15 09:46:12] merlin-logger.DEBUG: Running post-processing for post 2802 [] []
[2025-08-15 09:46:12] merlin-logger.WARNING: Could not find the author for "" (post #2802) [] []
[2025-08-15 09:46:12] merlin-logger.DEBUG: Post 2802 was imported with author "admin", but could not be found [] []
[2025-08-15 09:46:12] merlin-logger.DEBUG: Post 2802 was marked for post-processing, but none was required. [] []
[2025-08-15 09:46:12] merlin-logger.DEBUG: Running post-processing for post 2986 [] []
[2025-08-15 09:46:12] merlin-logger.WARNING: Could not find the author for "aw06" (post #2986) [] []
[2025-08-15 09:46:12] merlin-logger.DEBUG: Post 2986 was imported with author "admin", but could not be found [] []
[2025-08-15 09:46:12] merlin-logger.DEBUG: Running post-processing for post 3019 [] []
[2025-08-15 09:46:12] merlin-logger.WARNING: Could not find the author for "favicon" (post #3019) [] []
[2025-08-15 09:46:12] merlin-logger.DEBUG: Post 3019 was imported with author "admin", but could not be found [] []
[2025-08-15 09:46:12] merlin-logger.DEBUG: Post 3019 was marked for post-processing, but none was required. [] []
[2025-08-15 09:46:12] merlin-logger.DEBUG: Running post-processing for post 3020 [] []
[2025-08-15 09:46:12] merlin-logger.WARNING: Could not find the author for "cropped-favicon.png" (post #3020) [] []
[2025-08-15 09:46:12] merlin-logger.DEBUG: Post 3020 was imported with author "admin", but could not be found [] []
[2025-08-15 09:46:12] merlin-logger.DEBUG: Post 3020 was marked for post-processing, but none was required. [] []
[2025-08-15 09:46:12] merlin-logger.DEBUG: Running post-processing for post 3090 [] []
[2025-08-15 09:46:12] merlin-logger.WARNING: Could not find the author for "woocommerce-placeholder" (post #3090) [] []
[2025-08-15 09:46:12] merlin-logger.DEBUG: Post 3090 was imported with author "admin", but could not be found [] []
[2025-08-15 09:46:12] merlin-logger.DEBUG: Post 3090 was marked for post-processing, but none was required. [] []
[2025-08-15 09:46:12] merlin-logger.DEBUG: Running post-processing for post 3100 [] []
[2025-08-15 09:46:12] merlin-logger.WARNING: Could not find the author for "" (post #3100) [] []
[2025-08-15 09:46:12] merlin-logger.DEBUG: Post 3100 was imported with author "admin", but could not be found [] []
[2025-08-15 09:46:12] merlin-logger.DEBUG: Post 3100 was marked for post-processing, but none was required. [] []
[2025-08-15 09:46:12] merlin-logger.DEBUG: Running post-processing for post 3101 [] []
[2025-08-15 09:46:12] merlin-logger.WARNING: Could not find the author for "Sample Page" (post #3101) [] []
[2025-08-15 09:46:12] merlin-logger.DEBUG: Post 3101 was imported with author "admin", but could not be found [] []
[2025-08-15 09:46:12] merlin-logger.DEBUG: Post 3101 was marked for post-processing, but none was required. [] []
[2025-08-15 09:46:12] merlin-logger.DEBUG: Running post-processing for post 3102 [] []
[2025-08-15 09:46:12] merlin-logger.WARNING: Could not find the author for "Privacy Policy" (post #3102) [] []
[2025-08-15 09:46:12] merlin-logger.DEBUG: Post 3102 was imported with author "admin", but could not be found [] []
[2025-08-15 09:46:12] merlin-logger.DEBUG: Post 3102 was marked for post-processing, but none was required. [] []
[2025-08-15 09:46:12] merlin-logger.DEBUG: Running post-processing for post 2726 [] []
[2025-08-15 09:46:12] merlin-logger.WARNING: Could not find the author for "Portfolio Grid" (post #2726) [] []
[2025-08-15 09:46:12] merlin-logger.DEBUG: Post 2726 was imported with author "admin", but could not be found [] []
[2025-08-15 09:46:12] merlin-logger.DEBUG: Post 2726 was marked for post-processing, but none was required. [] []
[2025-08-15 09:46:12] merlin-logger.DEBUG: Running post-processing for post 2731 [] []
[2025-08-15 09:46:12] merlin-logger.WARNING: Could not find the author for "Overlapping Gallery" (post #2731) [] []
[2025-08-15 09:46:12] merlin-logger.DEBUG: Post 2731 was imported with author "admin", but could not be found [] []
[2025-08-15 09:46:12] merlin-logger.DEBUG: Post 2731 was marked for post-processing, but none was required. [] []
[2025-08-15 09:46:12] merlin-logger.DEBUG: Running post-processing for post 2738 [] []
[2025-08-15 09:46:12] merlin-logger.WARNING: Could not find the author for "Archive Gallery" (post #2738) [] []
[2025-08-15 09:46:12] merlin-logger.DEBUG: Post 2738 was imported with author "admin", but could not be found [] []
[2025-08-15 09:46:12] merlin-logger.DEBUG: Post 2738 was marked for post-processing, but none was required. [] []
[2025-08-15 09:46:12] merlin-logger.DEBUG: Running post-processing for post 2743 [] []
[2025-08-15 09:46:12] merlin-logger.WARNING: Could not find the author for "About" (post #2743) [] []
[2025-08-15 09:46:12] merlin-logger.DEBUG: Post 2743 was imported with author "admin", but could not be found [] []
[2025-08-15 09:46:12] merlin-logger.DEBUG: Running post-processing for post 2770 [] []
[2025-08-15 09:46:12] merlin-logger.WARNING: Could not find the author for "Contact" (post #2770) [] []
[2025-08-15 09:46:12] merlin-logger.DEBUG: Post 2770 was imported with author "admin", but could not be found [] []
[2025-08-15 09:46:12] merlin-logger.DEBUG: Post 2770 was marked for post-processing, but none was required. [] []
[2025-08-15 09:46:12] merlin-logger.DEBUG: Running post-processing for post 2797 [] []
[2025-08-15 09:46:12] merlin-logger.WARNING: Could not find the author for "Stories" (post #2797) [] []
[2025-08-15 09:46:12] merlin-logger.DEBUG: Post 2797 was imported with author "admin", but could not be found [] []
[2025-08-15 09:46:12] merlin-logger.DEBUG: Post 2797 was marked for post-processing, but none was required. [] []
[2025-08-15 09:46:12] merlin-logger.DEBUG: Running post-processing for post 2862 [] []
[2025-08-15 09:46:12] merlin-logger.WARNING: Could not find the author for "Typography" (post #2862) [] []
[2025-08-15 09:46:12] merlin-logger.DEBUG: Post 2862 was imported with author "admin", but could not be found [] []
[2025-08-15 09:46:12] merlin-logger.DEBUG: Post 2862 was marked for post-processing, but none was required. [] []
[2025-08-15 09:46:12] merlin-logger.DEBUG: Running post-processing for post 2864 [] []
[2025-08-15 09:46:12] merlin-logger.WARNING: Could not find the author for "Shortcodes" (post #2864) [] []
[2025-08-15 09:46:12] merlin-logger.DEBUG: Post 2864 was imported with author "admin", but could not be found [] []
[2025-08-15 09:46:12] merlin-logger.DEBUG: Post 2864 was marked for post-processing, but none was required. [] []
[2025-08-15 09:46:12] merlin-logger.DEBUG: Running post-processing for post 2865 [] []
[2025-08-15 09:46:12] merlin-logger.WARNING: Could not find the author for "Multimedia" (post #2865) [] []
[2025-08-15 09:46:12] merlin-logger.DEBUG: Post 2865 was imported with author "admin", but could not be found [] []
[2025-08-15 09:46:12] merlin-logger.DEBUG: Post 2865 was marked for post-processing, but none was required. [] []
[2025-08-15 09:46:12] merlin-logger.DEBUG: Running post-processing for post 3026 [] []
[2025-08-15 09:46:12] merlin-logger.WARNING: Could not find the author for "More" (post #3026) [] []
[2025-08-15 09:46:12] merlin-logger.DEBUG: Post 3026 was imported with author "admin", but could not be found [] []
[2025-08-15 09:46:12] merlin-logger.DEBUG: Post 3026 was marked for post-processing, but none was required. [] []
[2025-08-15 09:46:12] merlin-logger.DEBUG: Running post-processing for post 3027 [] []
[2025-08-15 09:46:12] merlin-logger.WARNING: Could not find the author for "" (post #3027) [] []
[2025-08-15 09:46:12] merlin-logger.DEBUG: Post 3027 was imported with author "admin", but could not be found [] []
[2025-08-15 09:46:12] merlin-logger.DEBUG: Post 3027 was marked for post-processing, but none was required. [] []
[2025-08-15 09:46:12] merlin-logger.DEBUG: Running post-processing for post 3028 [] []
[2025-08-15 09:46:12] merlin-logger.WARNING: Could not find the author for "" (post #3028) [] []
[2025-08-15 09:46:12] merlin-logger.DEBUG: Post 3028 was imported with author "admin", but could not be found [] []
[2025-08-15 09:46:12] merlin-logger.DEBUG: Post 3028 was marked for post-processing, but none was required. [] []
[2025-08-15 09:46:12] merlin-logger.DEBUG: Running post-processing for post 3029 [] []
[2025-08-15 09:46:12] merlin-logger.WARNING: Could not find the author for "" (post #3029) [] []
[2025-08-15 09:46:12] merlin-logger.DEBUG: Post 3029 was imported with author "admin", but could not be found [] []
[2025-08-15 09:46:12] merlin-logger.DEBUG: Post 3029 was marked for post-processing, but none was required. [] []
[2025-08-15 09:46:12] merlin-logger.DEBUG: Running post-processing for post 3039 [] []
[2025-08-15 09:46:12] merlin-logger.WARNING: Could not find the author for "Parallax Gallery" (post #3039) [] []
[2025-08-15 09:46:12] merlin-logger.DEBUG: Post 3039 was imported with author "admin", but could not be found [] []
[2025-08-15 09:46:12] merlin-logger.DEBUG: Post 3039 was marked for post-processing, but none was required. [] []
[2025-08-15 09:46:12] merlin-logger.DEBUG: Running post-processing for post 3077 [] []
[2025-08-15 09:46:12] merlin-logger.WARNING: Could not find the author for "" (post #3077) [] []
[2025-08-15 09:46:12] merlin-logger.DEBUG: Post 3077 was imported with author "admin", but could not be found [] []
[2025-08-15 09:46:12] merlin-logger.DEBUG: Post 3077 was marked for post-processing, but none was required. [] []
[2025-08-15 09:46:12] merlin-logger.DEBUG: Running post-processing for post 3091 [] []
[2025-08-15 09:46:12] merlin-logger.WARNING: Could not find the author for "Marketplace" (post #3091) [] []
[2025-08-15 09:46:12] merlin-logger.DEBUG: Post 3091 was imported with author "admin", but could not be found [] []
[2025-08-15 09:46:12] merlin-logger.DEBUG: Post 3091 was marked for post-processing, but none was required. [] []
[2025-08-15 09:46:12] merlin-logger.DEBUG: Running post-processing for post 3095 [] []
[2025-08-15 09:46:12] merlin-logger.WARNING: Could not find the author for "Refund and Returns Policy" (post #3095) [] []
[2025-08-15 09:46:12] merlin-logger.DEBUG: Post 3095 was imported with author "admin", but could not be found [] []
[2025-08-15 09:46:12] merlin-logger.DEBUG: Post 3095 was marked for post-processing, but none was required. [] []
[2025-08-15 09:46:12] merlin-logger.DEBUG: Running post-processing for post 3103 [] []
[2025-08-15 09:46:12] merlin-logger.WARNING: Could not find the author for "Shop" (post #3103) [] []
[2025-08-15 09:46:12] merlin-logger.DEBUG: Post 3103 was imported with author "admin", but could not be found [] []
[2025-08-15 09:46:12] merlin-logger.DEBUG: Post 3103 was marked for post-processing, but none was required. [] []
[2025-08-15 09:46:12] merlin-logger.DEBUG: Running post-processing for post 3104 [] []
[2025-08-15 09:46:12] merlin-logger.WARNING: Could not find the author for "Navigation" (post #3104) [] []
[2025-08-15 09:46:12] merlin-logger.DEBUG: Post 3104 was imported with author "admin", but could not be found [] []
[2025-08-15 09:46:12] merlin-logger.DEBUG: Post 3104 was marked for post-processing, but none was required. [] []
[2025-08-15 09:46:12] merlin-logger.DEBUG: Running post-processing for post 30 [] []
[2025-08-15 09:46:12] merlin-logger.WARNING: Could not find the author for "Hello world!" (post #30) [] []
[2025-08-15 09:46:12] merlin-logger.DEBUG: Post 30 was imported with author "admin", but could not be found [] []
[2025-08-15 09:46:12] merlin-logger.DEBUG: Post 30 was marked for post-processing, but none was required. [] []
[2025-08-15 09:46:12] merlin-logger.DEBUG: Running post-processing for post 2551 [] []
[2025-08-15 09:46:12] merlin-logger.WARNING: Could not find the author for "Endless Road Stories" (post #2551) [] []
[2025-08-15 09:46:12] merlin-logger.DEBUG: Post 2551 was imported with author "admin", but could not be found [] []
[2025-08-15 09:46:12] merlin-logger.DEBUG: Post 2551 was marked for post-processing, but none was required. [] []
[2025-08-15 09:46:12] merlin-logger.DEBUG: Running post-processing for post 2553 [] []
[2025-08-15 09:46:12] merlin-logger.WARNING: Could not find the author for "Blonde Surf Girl" (post #2553) [] []
[2025-08-15 09:46:12] merlin-logger.DEBUG: Post 2553 was imported with author "admin", but could not be found [] []
[2025-08-15 09:46:12] merlin-logger.DEBUG: Post 2553 was marked for post-processing, but none was required. [] []
[2025-08-15 09:46:12] merlin-logger.DEBUG: Running post-processing for post 2555 [] []
[2025-08-15 09:46:12] merlin-logger.WARNING: Could not find the author for "Bird Eye Shots" (post #2555) [] []
[2025-08-15 09:46:12] merlin-logger.DEBUG: Post 2555 was imported with author "admin", but could not be found [] []
[2025-08-15 09:46:12] merlin-logger.DEBUG: Post 2555 was marked for post-processing, but none was required. [] []
[2025-08-15 09:46:12] merlin-logger.DEBUG: Running post-processing for post 2557 [] []
[2025-08-15 09:46:12] merlin-logger.WARNING: Could not find the author for "Desert Treasure Hunt" (post #2557) [] []
[2025-08-15 09:46:12] merlin-logger.DEBUG: Post 2557 was imported with author "admin", but could not be found [] []
[2025-08-15 09:46:12] merlin-logger.DEBUG: Post 2557 was marked for post-processing, but none was required. [] []
[2025-08-15 09:46:12] merlin-logger.DEBUG: Running post-processing for post 2559 [] []
[2025-08-15 09:46:12] merlin-logger.WARNING: Could not find the author for "Blue Ocean Waves" (post #2559) [] []
[2025-08-15 09:46:12] merlin-logger.DEBUG: Post 2559 was imported with author "admin", but could not be found [] []
[2025-08-15 09:46:12] merlin-logger.DEBUG: Post 2559 was marked for post-processing, but none was required. [] []
[2025-08-15 09:46:12] merlin-logger.DEBUG: Running post-processing for post 2842 [] []
[2025-08-15 09:46:12] merlin-logger.WARNING: Could not find the author for "Button Boxes" (post #2842) [] []
[2025-08-15 09:46:12] merlin-logger.DEBUG: Post 2842 was imported with author "admin", but could not be found [] []
[2025-08-15 09:46:12] merlin-logger.DEBUG: Post 2842 was marked for post-processing, but none was required. [] []
[2025-08-15 09:46:12] merlin-logger.DEBUG: Running post-processing for post 2964 [] []
[2025-08-15 09:46:12] merlin-logger.WARNING: Could not find the author for "Center Block Title" (post #2964) [] []
[2025-08-15 09:46:12] merlin-logger.DEBUG: Post 2964 was imported with author "admin", but could not be found [] []
[2025-08-15 09:46:12] merlin-logger.DEBUG: Post 2964 was marked for post-processing, but none was required. [] []
[2025-08-15 09:46:12] merlin-logger.DEBUG: Running post-processing for post 3092 [] []
[2025-08-15 09:46:12] merlin-logger.WARNING: Could not find the author for "Cart" (post #3092) [] []
[2025-08-15 09:46:12] merlin-logger.DEBUG: Post 3092 was imported with author "admin", but could not be found [] []
[2025-08-15 09:46:12] merlin-logger.DEBUG: Post 3092 was marked for post-processing, but none was required. [] []
[2025-08-15 09:46:12] merlin-logger.DEBUG: Running post-processing for post 3093 [] []
[2025-08-15 09:46:12] merlin-logger.WARNING: Could not find the author for "Checkout" (post #3093) [] []
[2025-08-15 09:46:12] merlin-logger.DEBUG: Post 3093 was imported with author "admin", but could not be found [] []
[2025-08-15 09:46:12] merlin-logger.DEBUG: Post 3093 was marked for post-processing, but none was required. [] []
[2025-08-15 09:46:12] merlin-logger.DEBUG: Running post-processing for post 3094 [] []
[2025-08-15 09:46:12] merlin-logger.WARNING: Could not find the author for "My account" (post #3094) [] []
[2025-08-15 09:46:12] merlin-logger.DEBUG: Post 3094 was imported with author "admin", but could not be found [] []
[2025-08-15 09:46:12] merlin-logger.DEBUG: Post 3094 was marked for post-processing, but none was required. [] []
[2025-08-15 09:46:12] merlin-logger.DEBUG: Running post-processing for post 6 [] []
[2025-08-15 09:46:12] merlin-logger.WARNING: Could not find the author for "Contact form 1" (post #6) [] []
[2025-08-15 09:46:12] merlin-logger.DEBUG: Post 6 was imported with author "admin", but could not be found [] []
[2025-08-15 09:46:12] merlin-logger.DEBUG: Post 6 was marked for post-processing, but none was required. [] []
[2025-08-15 09:46:12] merlin-logger.WARNING: Could not find the author for comment #3 [] []
[2025-08-15 09:46:12] merlin-logger.DEBUG: Comment 3 was imported with author 1, but could not be found [] []
[2025-08-15 09:46:12] merlin-logger.INFO: Starting remapping of featured images [] []
[2025-08-15 09:46:12] merlin-logger.INFO: The content import AJAX call will be executed with this import data {"title":"Widgets","data":"/var/www/html/wp-content/uploads/2025/08/widgets-2025-08-15__09-45-17.json"} []
[2025-08-15 09:46:12] merlin-logger.DEBUG: Blog Sidebar :   Block - No Title - Imported Block - No Title - Imported Block - No Title - Imported  montoya-shop-sidebar : Sidebar does not exist in theme (moving widget to Inactive)  Block - No Title - Imported to Inactive Block - No Title - Imported to Inactive Block - No Title - Imported to Inactive   [] []
[2025-08-15 09:46:12] merlin-logger.INFO: The content import AJAX call will be executed with this import data {"title":"Options","data":"/var/www/html/wp-content/uploads/2025/08/options-2025-08-15__09-45-17.dat"} []
[2025-08-15 09:46:12] merlin-logger.INFO: The customizer import has finished successfully [] []
[2025-08-15 09:46:12] merlin-logger.INFO: The content import AJAX call will be executed with this import data {"title":"After import setup","data":0} []
[2025-08-15 09:46:16] merlin-logger.DEBUG: The final step has been displayed [] []
